VirtualBox VM 5.2.12 r122591 win.amd64 (May  9 2018 10:42:46) release log
00:00:01.747830 Log opened 2018-06-01T14:51:06.036225200Z
00:00:01.747831 Build Type: release
00:00:01.747835 OS Product: Windows 10
00:00:01.747836 OS Release: 10.0.17134
00:00:01.747837 OS Service Pack: 
00:00:01.783521 DMI Product Name: To Be Filled By O.E.M.
00:00:01.786686 DMI Product Version: To Be Filled By O.E.M.
00:00:01.786694 Host RAM: 8112MB (7.9GB) total, 4045MB (3.9GB) available
00:00:01.786697 Executable: C:\Program Files\Oracle\VirtualBox\VirtualBox.exe
00:00:01.786698 Process ID: 15040
00:00:01.786698 Package type: WINDOWS_64BITS_GENERIC
00:00:01.787431 Installed Extension Packs:
00:00:01.787459   None installed!
00:00:01.787961 Console: Machine state changed to 'Starting'
00:00:01.788398 Qt version: 5.6.2
00:00:01.790206 GUI: UIMediumEnumerator: Medium-enumeration finished!
00:00:01.858589 SUP: Loaded VMMR0.r0 (C:\Program Files\Oracle\VirtualBox\VMMR0.r0) at 0xXXXXXXXXXXXXXXXX - ModuleInit at XXXXXXXXXXXXXXXX and ModuleTerm at XXXXXXXXXXXXXXXX using the native ring-0 loader
00:00:01.858609 SUP: VMMR0EntryEx located at XXXXXXXXXXXXXXXX and VMMR0EntryFast at XXXXXXXXXXXXXXXX
00:00:01.858614 SUP: windbg> .reload /f C:\Program Files\Oracle\VirtualBox\VMMR0.r0=0xXXXXXXXXXXXXXXXX
00:00:01.860626 Guest OS type: 'VBoxBS_64'
00:00:01.861270 fHMForced=true - 64-bit guest
00:00:01.863326 File system of 'D:\DrepBewx\OneDrive\Programmering\os\core\boot\bootloader.img' (Floppy) is ntfs
00:00:01.867676 VideoRec: Only video will be recorded
00:00:01.873464 Shared clipboard service loaded
00:00:01.873472 Shared clipboard mode: Off
00:00:01.879499 Drag and drop service loaded
00:00:01.879507 Drag and drop mode: Off
00:00:01.891363 Guest Control service loaded
00:00:01.892694 ************************* CFGM dump *************************
00:00:01.892696 [/] (level 0)
00:00:01.892699   CSAMEnabled       <integer> = 0x0000000000000001 (1)
00:00:01.892700   CpuExecutionCap   <integer> = 0x0000000000000064 (100)
00:00:01.892702   EnablePAE         <integer> = 0x0000000000000001 (1)
00:00:01.892703   HMEnabled         <integer> = 0x0000000000000001 (1)
00:00:01.892703   MemBalloonSize    <integer> = 0x0000000000000000 (0)
00:00:01.892704   Name              <string>  = "Machine" (cb=8)
00:00:01.892705   NumCPUs           <integer> = 0x0000000000000001 (1)
00:00:01.892706   PATMEnabled       <integer> = 0x0000000000000001 (1)
00:00:01.892707   PageFusionAllowed <integer> = 0x0000000000000000 (0)
00:00:01.892707   RamHoleSize       <integer> = 0x0000000020000000 (536 870 912, 512 MB)
00:00:01.892709   RamSize           <integer> = 0x0000000000400000 (4 194 304, 4 MB)
00:00:01.892710   RawR0Enabled      <integer> = 0x0000000000000001 (1)
00:00:01.892711   RawR3Enabled      <integer> = 0x0000000000000001 (1)
00:00:01.892711   TimerMillies      <integer> = 0x000000000000000a (10)
00:00:01.892712   UUID              <bytes>   = "ad c4 62 f1 e8 e6 38 47 95 eb 81 ee ab 50 ab 97" (cb=16)
00:00:01.892716 
00:00:01.892717 [/CPUM/] (level 1)
00:00:01.892718   GuestCpuName       <string>  = "host" (cb=5)
00:00:01.892719   PortableCpuIdLevel <integer> = 0x0000000000000000 (0)
00:00:01.892719   SpecCtrl           <integer> = 0x0000000000000000 (0)
00:00:01.892720 
00:00:01.892720 [/DBGC/] (level 1)
00:00:01.892721   GlobalInitScript <string>  = "C:\Users\emilb\.VirtualBox/dbgc-init" (cb=37)
00:00:01.892722   HistoryFile      <string>  = "C:\Users\emilb\.VirtualBox/dbgc-history" (cb=40)
00:00:01.892723   LocalInitScript  <string>  = "D:\DrepBewx\OneDrive\Programmering\os\Machine/dbgc-init" (cb=56)
00:00:01.892724 
00:00:01.892724 [/DBGF/] (level 1)
00:00:01.892725   Path <string>  = "D:\DrepBewx\OneDrive\Programmering\os\Machine/debug/;D:\DrepBewx\OneDrive\Programmering\os\Machine/;C:\Users\emilb\" (cb=116)
00:00:01.892726 
00:00:01.892726 [/Devices/] (level 1)
00:00:01.892727 
00:00:01.892727 [/Devices/8237A/] (level 2)
00:00:01.892728 
00:00:01.892728 [/Devices/8237A/0/] (level 3)
00:00:01.892729   Trusted <integer> = 0x0000000000000001 (1)
00:00:01.892730 
00:00:01.892730 [/Devices/VMMDev/] (level 2)
00:00:01.892731 
00:00:01.892731 [/Devices/VMMDev/0/] (level 3)
00:00:01.892732   PCIBusNo      <integer> = 0x0000000000000000 (0)
00:00:01.892733   PCIDeviceNo   <integer> = 0x0000000000000004 (4)
00:00:01.892734   PCIFunctionNo <integer> = 0x0000000000000000 (0)
00:00:01.892734   Trusted       <integer> = 0x0000000000000001 (1)
00:00:01.892735 
00:00:01.892735 [/Devices/VMMDev/0/Config/] (level 4)
00:00:01.892736   GuestCoreDumpDir <string>  = "D:\DrepBewx\OneDrive\Programmering\os\Machine\Snapshots" (cb=56)
00:00:01.892737 
00:00:01.892737 [/Devices/VMMDev/0/LUN#0/] (level 4)
00:00:01.892738   Driver <string>  = "HGCM" (cb=5)
00:00:01.892739 
00:00:01.892739 [/Devices/VMMDev/0/LUN#0/Config/] (level 5)
00:00:01.892740   Object <integer> = 0x00000000048ec810 (76 466 192)
00:00:01.892742 
00:00:01.892742 [/Devices/VMMDev/0/LUN#999/] (level 4)
00:00:01.892743   Driver <string>  = "MainStatus" (cb=11)
00:00:01.892743 
00:00:01.892744 [/Devices/VMMDev/0/LUN#999/Config/] (level 5)
00:00:01.892745   First   <integer> = 0x0000000000000000 (0)
00:00:01.892746   Last    <integer> = 0x0000000000000000 (0)
00:00:01.892746   papLeds <integer> = 0x00000000021d36d0 (35 469 008)
00:00:01.892747 
00:00:01.892748 [/Devices/acpi/] (level 2)
00:00:01.892748 
00:00:01.892749 [/Devices/acpi/0/] (level 3)
00:00:01.892750   PCIBusNo      <integer> = 0x0000000000000000 (0)
00:00:01.892751   PCIDeviceNo   <integer> = 0x0000000000000007 (7)
00:00:01.892751   PCIFunctionNo <integer> = 0x0000000000000000 (0)
00:00:01.892752   Trusted       <integer> = 0x0000000000000001 (1)
00:00:01.892752 
00:00:01.892753 [/Devices/acpi/0/Config/] (level 4)
00:00:01.892754   CpuHotPlug          <integer> = 0x0000000000000000 (0)
00:00:01.892755   FdcEnabled          <integer> = 0x0000000000000001 (1)
00:00:01.892756   HostBusPciAddress   <integer> = 0x0000000000000000 (0)
00:00:01.892756   HpetEnabled         <integer> = 0x0000000000000000 (0)
00:00:01.892757   IOAPIC              <integer> = 0x0000000000000001 (1)
00:00:01.892758   IocPciAddress       <integer> = 0x0000000000010000 (65 536)
00:00:01.892759   NumCPUs             <integer> = 0x0000000000000001 (1)
00:00:01.892759   Parallel0IoPortBase <integer> = 0x0000000000000000 (0)
00:00:01.892760   Parallel0Irq        <integer> = 0x0000000000000000 (0)
00:00:01.892761   Parallel1IoPortBase <integer> = 0x0000000000000000 (0)
00:00:01.892761   Parallel1Irq        <integer> = 0x0000000000000000 (0)
00:00:01.892762   Serial0IoPortBase   <integer> = 0x0000000000000000 (0)
00:00:01.892763   Serial0Irq          <integer> = 0x0000000000000000 (0)
00:00:01.892763   Serial1IoPortBase   <integer> = 0x0000000000000000 (0)
00:00:01.892764   Serial1Irq          <integer> = 0x0000000000000000 (0)
00:00:01.892765   ShowCpu             <integer> = 0x0000000000000001 (1)
00:00:01.892765   ShowRtc             <integer> = 0x0000000000000000 (0)
00:00:01.892766   SmcEnabled          <integer> = 0x0000000000000000 (0)
00:00:01.892767 
00:00:01.892767 [/Devices/acpi/0/LUN#0/] (level 4)
00:00:01.892768   Driver <string>  = "ACPIHost" (cb=9)
00:00:01.892768 
00:00:01.892769 [/Devices/acpi/0/LUN#0/Config/] (level 5)
00:00:01.892770 
00:00:01.892770 [/Devices/apic/] (level 2)
00:00:01.892771 
00:00:01.892771 [/Devices/apic/0/] (level 3)
00:00:01.892772   Trusted <integer> = 0x0000000000000001 (1)
00:00:01.892772 
00:00:01.892773 [/Devices/apic/0/Config/] (level 4)
00:00:01.892774   IOAPIC  <integer> = 0x0000000000000001 (1)
00:00:01.892775   Mode    <integer> = 0x0000000000000002 (2)
00:00:01.892775   NumCPUs <integer> = 0x0000000000000001 (1)
00:00:01.892776 
00:00:01.892776 [/Devices/e1000/] (level 2)
00:00:01.892777 
00:00:01.892777 [/Devices/e1000/0/] (level 3)
00:00:01.892778   PCIBusNo      <integer> = 0x0000000000000000 (0)
00:00:01.892779   PCIDeviceNo   <integer> = 0x0000000000000011 (17)
00:00:01.892779   PCIFunctionNo <integer> = 0x0000000000000000 (0)
00:00:01.892780   Trusted       <integer> = 0x0000000000000001 (1)
00:00:01.892781 
00:00:01.892781 [/Devices/e1000/0/Config/] (level 4)
00:00:01.892782   AdapterType    <integer> = 0x0000000000000002 (2)
00:00:01.892783   CableConnected <integer> = 0x0000000000000001 (1)
00:00:01.892783   LineSpeed      <integer> = 0x0000000000000000 (0)
00:00:01.892784   MAC            <bytes>   = "08 00 27 6c d6 36" (cb=6)
00:00:01.892785 
00:00:01.892786 [/Devices/e1000/0/LUN#0/] (level 4)
00:00:01.892787   Driver <string>  = "NAT" (cb=4)
00:00:01.892787 
00:00:01.892788 [/Devices/e1000/0/LUN#0/Config/] (level 5)
00:00:01.892789   AliasMode       <integer> = 0x0000000000000000 (0)
00:00:01.892790   BootFile        <string>  = "Machine.pxe" (cb=12)
00:00:01.892790   DNSProxy        <integer> = 0x0000000000000000 (0)
00:00:01.892791   Network         <string>  = "10.0.2.0/24" (cb=12)
00:00:01.892792   PassDomain      <integer> = 0x0000000000000001 (1)
00:00:01.892792   TFTPPrefix      <string>  = "C:\Users\emilb\.VirtualBox\TFTP" (cb=32)
00:00:01.892793   UseHostResolver <integer> = 0x0000000000000000 (0)
00:00:01.892794 
00:00:01.892794 [/Devices/e1000/0/LUN#999/] (level 4)
00:00:01.892795   Driver <string>  = "MainStatus" (cb=11)
00:00:01.892796 
00:00:01.892796 [/Devices/e1000/0/LUN#999/Config/] (level 5)
00:00:01.892797   First   <integer> = 0x0000000000000000 (0)
00:00:01.892798   Last    <integer> = 0x0000000000000000 (0)
00:00:01.892798   papLeds <integer> = 0x00000000021d35b0 (35 468 720)
00:00:01.892799 
00:00:01.892800 [/Devices/i82078/] (level 2)
00:00:01.892800 
00:00:01.892801 [/Devices/i82078/0/] (level 3)
00:00:01.892801   Trusted <integer> = 0x0000000000000001 (1)
00:00:01.892802 
00:00:01.892802 [/Devices/i82078/0/Config/] (level 4)
00:00:01.892803   DMA       <integer> = 0x0000000000000002 (2)
00:00:01.892804   IOBase    <integer> = 0x00000000000003f0 (1 008)
00:00:01.892838   IRQ       <integer> = 0x0000000000000006 (6)
00:00:01.892839   MemMapped <integer> = 0x0000000000000000 (0)
00:00:01.892839 
00:00:01.892839 [/Devices/i82078/0/LUN#0/] (level 4)
00:00:01.892840   Driver <string>  = "VD" (cb=3)
00:00:01.892841 
00:00:01.892841 [/Devices/i82078/0/LUN#0/Config/] (level 5)
00:00:01.892842   Format        <string>  = "RAW" (cb=4)
00:00:01.892843   MaybeReadOnly <integer> = 0x0000000000000001 (1)
00:00:01.892843   Mountable     <integer> = 0x0000000000000001 (1)
00:00:01.892844   Path          <string>  = "D:\DrepBewx\OneDrive\Programmering\os\core\boot\bootloader.img" (cb=63)
00:00:01.892845   Type          <string>  = "Floppy 1.44" (cb=12)
00:00:01.892845 
00:00:01.892855 [/Devices/i82078/0/LUN#999/] (level 4)
00:00:01.892856   Driver <string>  = "MainStatus" (cb=11)
00:00:01.892857 
00:00:01.892857 [/Devices/i82078/0/LUN#999/Config/] (level 5)
00:00:01.892858   DeviceInstance        <string>  = "i82078/0" (cb=9)
00:00:01.892859   First                 <integer> = 0x0000000000000000 (0)
00:00:01.892859   Last                  <integer> = 0x0000000000000001 (1)
00:00:01.892860   pConsole              <integer> = 0x00000000021d2ec0 (35 466 944)
00:00:01.892861   papLeds               <integer> = 0x00000000021d32a0 (35 467 936)
00:00:01.892862   pmapMediumAttachments <integer> = 0x00000000021d36f0 (35 469 040)
00:00:01.892863 
00:00:01.892863 [/Devices/i8254/] (level 2)
00:00:01.892864 
00:00:01.892864 [/Devices/i8254/0/] (level 3)
00:00:01.892865 
00:00:01.892866 [/Devices/i8254/0/Config/] (level 4)
00:00:01.892866 
00:00:01.892867 [/Devices/i8259/] (level 2)
00:00:01.892868 
00:00:01.892868 [/Devices/i8259/0/] (level 3)
00:00:01.892869   Trusted <integer> = 0x0000000000000001 (1)
00:00:01.892869 
00:00:01.892870 [/Devices/i8259/0/Config/] (level 4)
00:00:01.892871 
00:00:01.892871 [/Devices/ichac97/] (level 2)
00:00:01.892872 
00:00:01.892872 [/Devices/ichac97/0/] (level 3)
00:00:01.892873   PCIBusNo      <integer> = 0x0000000000000000 (0)
00:00:01.892874   PCIDeviceNo   <integer> = 0x0000000000000005 (5)
00:00:01.892874   PCIFunctionNo <integer> = 0x0000000000000000 (0)
00:00:01.892875   Trusted       <integer> = 0x0000000000000001 (1)
00:00:01.892876 
00:00:01.892876 [/Devices/ichac97/0/AudioConfig/] (level 4)
00:00:01.892877 
00:00:01.892877 [/Devices/ichac97/0/Config/] (level 4)
00:00:01.892878   Codec <string>  = "STAC9700" (cb=9)
00:00:01.892879 
00:00:01.892879 [/Devices/ichac97/0/LUN#0/] (level 4)
00:00:01.892880   Driver <string>  = "AUDIO" (cb=6)
00:00:01.892881 
00:00:01.892881 [/Devices/ichac97/0/LUN#0/AttachedDriver/] (level 5)
00:00:01.892882   Driver <string>  = "DSoundAudio" (cb=12)
00:00:01.892883 
00:00:01.892883 [/Devices/ichac97/0/LUN#0/AttachedDriver/Config/] (level 6)
00:00:01.892884   StreamName <string>  = "Machine" (cb=8)
00:00:01.892885 
00:00:01.892885 [/Devices/ichac97/0/LUN#0/Config/] (level 5)
00:00:01.892887   DebugEnabled  <integer> = 0x0000000000000000 (0)
00:00:01.892887   DebugPathOut  <string>  = "" (cb=1)
00:00:01.892888   DriverName    <string>  = "DSoundAudio" (cb=12)
00:00:01.892889   InputEnabled  <integer> = 0x0000000000000000 (0)
00:00:01.892889   OutputEnabled <integer> = 0x0000000000000001 (1)
00:00:01.892890 
00:00:01.892890 [/Devices/ichac97/0/LUN#1/] (level 4)
00:00:01.892891   Driver <string>  = "AUDIO" (cb=6)
00:00:01.892891 
00:00:01.892892 [/Devices/ichac97/0/LUN#1/AttachedDriver/] (level 5)
00:00:01.892893   Driver <string>  = "AudioVRDE" (cb=10)
00:00:01.892893 
00:00:01.892893 [/Devices/ichac97/0/LUN#1/AttachedDriver/Config/] (level 6)
00:00:01.892895   Object           <integer> = 0x000000000461ea70 (73 525 872)
00:00:01.892895   ObjectVRDPServer <integer> = 0x00000000021efa70 (35 584 624)
00:00:01.892896   StreamName       <string>  = "Machine" (cb=8)
00:00:01.892897 
00:00:01.892897 [/Devices/ichac97/0/LUN#1/Config/] (level 5)
00:00:01.892898   DebugEnabled  <integer> = 0x0000000000000000 (0)
00:00:01.892899   DebugPathOut  <string>  = "" (cb=1)
00:00:01.892900   DriverName    <string>  = "AudioVRDE" (cb=10)
00:00:01.892900   InputEnabled  <integer> = 0x0000000000000000 (0)
00:00:01.892901   OutputEnabled <integer> = 0x0000000000000001 (1)
00:00:01.892901 
00:00:01.892902 [/Devices/ioapic/] (level 2)
00:00:01.892902 
00:00:01.892903 [/Devices/ioapic/0/] (level 3)
00:00:01.892904   Trusted <integer> = 0x0000000000000001 (1)
00:00:01.892904 
00:00:01.892904 [/Devices/ioapic/0/Config/] (level 4)
00:00:01.892905   NumCPUs <integer> = 0x0000000000000001 (1)
00:00:01.892906 
00:00:01.892906 [/Devices/mc146818/] (level 2)
00:00:01.892907 
00:00:01.892907 [/Devices/mc146818/0/] (level 3)
00:00:01.892908 
00:00:01.892908 [/Devices/mc146818/0/Config/] (level 4)
00:00:01.892909   UseUTC <integer> = 0x0000000000000000 (0)
00:00:01.892910 
00:00:01.892910 [/Devices/parallel/] (level 2)
00:00:01.892911 
00:00:01.892911 [/Devices/pcarch/] (level 2)
00:00:01.892912 
00:00:01.892912 [/Devices/pcarch/0/] (level 3)
00:00:01.892913   Trusted <integer> = 0x0000000000000001 (1)
00:00:01.892914 
00:00:01.892914 [/Devices/pcarch/0/Config/] (level 4)
00:00:01.892915 
00:00:01.892915 [/Devices/pcbios/] (level 2)
00:00:01.892916 
00:00:01.892917 [/Devices/pcbios/0/] (level 3)
00:00:01.892917   Trusted <integer> = 0x0000000000000001 (1)
00:00:01.892918 
00:00:01.892918 [/Devices/pcbios/0/Config/] (level 4)
00:00:01.892920   APIC           <integer> = 0x0000000000000001 (1)
00:00:01.892921   BootDevice0    <string>  = "FLOPPY" (cb=7)
00:00:01.892921   BootDevice1    <string>  = "DVD" (cb=4)
00:00:01.892922   BootDevice2    <string>  = "IDE" (cb=4)
00:00:01.892922   BootDevice3    <string>  = "NONE" (cb=5)
00:00:01.892923   FloppyDevice   <string>  = "i82078" (cb=7)
00:00:01.892924   HardDiskDevice <string>  = "piix3ide" (cb=9)
00:00:01.892924   IOAPIC         <integer> = 0x0000000000000001 (1)
00:00:01.892925   McfgBase       <integer> = 0x0000000000000000 (0)
00:00:01.892926   McfgLength     <integer> = 0x0000000000000000 (0)
00:00:01.892926   NumCPUs        <integer> = 0x0000000000000001 (1)
00:00:01.892927   PXEDebug       <integer> = 0x0000000000000000 (0)
00:00:01.892927   UUID           <bytes>   = "ad c4 62 f1 e8 e6 38 47 95 eb 81 ee ab 50 ab 97" (cb=16)
00:00:01.892929 
00:00:01.892930 [/Devices/pcbios/0/Config/NetBoot/] (level 5)
00:00:01.892931 
00:00:01.892931 [/Devices/pcbios/0/Config/NetBoot/0/] (level 6)
00:00:01.892932   NIC           <integer> = 0x0000000000000000 (0)
00:00:01.892933   PCIBusNo      <integer> = 0x0000000000000000 (0)
00:00:01.892933   PCIDeviceNo   <integer> = 0x0000000000000011 (17)
00:00:01.892934   PCIFunctionNo <integer> = 0x0000000000000000 (0)
00:00:01.892935 
00:00:01.892935 [/Devices/pci/] (level 2)
00:00:01.892936 
00:00:01.892936 [/Devices/pci/0/] (level 3)
00:00:01.892937   Trusted <integer> = 0x0000000000000001 (1)
00:00:01.892938 
00:00:01.892938 [/Devices/pci/0/Config/] (level 4)
00:00:01.892939   IOAPIC <integer> = 0x0000000000000001 (1)
00:00:01.892940 
00:00:01.892940 [/Devices/pcibridge/] (level 2)
00:00:01.892941 
00:00:01.892941 [/Devices/pckbd/] (level 2)
00:00:01.892942 
00:00:01.892942 [/Devices/pckbd/0/] (level 3)
00:00:01.892943   Trusted <integer> = 0x0000000000000001 (1)
00:00:01.892943 
00:00:01.892944 [/Devices/pckbd/0/Config/] (level 4)
00:00:01.892945 
00:00:01.892945 [/Devices/pckbd/0/LUN#0/] (level 4)
00:00:01.892946   Driver <string>  = "KeyboardQueue" (cb=14)
00:00:01.892947 
00:00:01.892947 [/Devices/pckbd/0/LUN#0/AttachedDriver/] (level 5)
00:00:01.892948   Driver <string>  = "MainKeyboard" (cb=13)
00:00:01.892949 
00:00:01.892949 [/Devices/pckbd/0/LUN#0/AttachedDriver/Config/] (level 6)
00:00:01.892950   Object <integer> = 0x000000000217cf40 (35 114 816)
00:00:01.892951 
00:00:01.892951 [/Devices/pckbd/0/LUN#0/Config/] (level 5)
00:00:01.892952   QueueSize <integer> = 0x0000000000000040 (64)
00:00:01.892953 
00:00:01.892953 [/Devices/pckbd/0/LUN#1/] (level 4)
00:00:01.892954   Driver <string>  = "MouseQueue" (cb=11)
00:00:01.892955 
00:00:01.892955 [/Devices/pckbd/0/LUN#1/AttachedDriver/] (level 5)
00:00:01.892956   Driver <string>  = "MainMouse" (cb=10)
00:00:01.892957 
00:00:01.892957 [/Devices/pckbd/0/LUN#1/AttachedDriver/Config/] (level 6)
00:00:01.892958   Object <integer> = 0x00000000021ec140 (35 569 984)
00:00:01.892959 
00:00:01.892959 [/Devices/pckbd/0/LUN#1/Config/] (level 5)
00:00:01.892960   QueueSize <integer> = 0x0000000000000080 (128)
00:00:01.892961 
00:00:01.892961 [/Devices/pcnet/] (level 2)
00:00:01.892962 
00:00:01.892962 [/Devices/piix3ide/] (level 2)
00:00:01.892963 
00:00:01.892963 [/Devices/piix3ide/0/] (level 3)
00:00:01.892964   PCIBusNo      <integer> = 0x0000000000000000 (0)
00:00:01.892965   PCIDeviceNo   <integer> = 0x0000000000000001 (1)
00:00:01.892965   PCIFunctionNo <integer> = 0x0000000000000001 (1)
00:00:01.892966   Trusted       <integer> = 0x0000000000000001 (1)
00:00:01.892966 
00:00:01.892967 [/Devices/piix3ide/0/Config/] (level 4)
00:00:01.892968   Type <string>  = "PIIX4" (cb=6)
00:00:01.892968 
00:00:01.892969 [/Devices/piix3ide/0/LUN#2/] (level 4)
00:00:01.892970   Driver <string>  = "VD" (cb=3)
00:00:01.892970 
00:00:01.892970 [/Devices/piix3ide/0/LUN#2/Config/] (level 5)
00:00:01.892971   EmptyDrive <integer> = 0x0000000000000001 (1)
00:00:01.892972   Mountable  <integer> = 0x0000000000000001 (1)
00:00:01.892973   Type       <string>  = "DVD" (cb=4)
00:00:01.892973 
00:00:01.892974 [/Devices/piix3ide/0/LUN#999/] (level 4)
00:00:01.892974   Driver <string>  = "MainStatus" (cb=11)
00:00:01.892975 
00:00:01.892975 [/Devices/piix3ide/0/LUN#999/Config/] (level 5)
00:00:01.892977   DeviceInstance        <string>  = "piix3ide/0" (cb=11)
00:00:01.892977   First                 <integer> = 0x0000000000000000 (0)
00:00:01.892978   Last                  <integer> = 0x0000000000000003 (3)
00:00:01.892979   pConsole              <integer> = 0x00000000021d2ec0 (35 466 944)
00:00:01.892980   papLeds               <integer> = 0x00000000021d32b0 (35 467 952)
00:00:01.892981   pmapMediumAttachments <integer> = 0x00000000021d36f0 (35 469 040)
00:00:01.892982 
00:00:01.892982 [/Devices/serial/] (level 2)
00:00:01.892983 
00:00:01.892983 [/Devices/usb-ohci/] (level 2)
00:00:01.892983 
00:00:01.892984 [/Devices/usb-ohci/0/] (level 3)
00:00:01.892985   PCIBusNo      <integer> = 0x0000000000000000 (0)
00:00:01.892985   PCIDeviceNo   <integer> = 0x0000000000000006 (6)
00:00:01.892986   PCIFunctionNo <integer> = 0x0000000000000000 (0)
00:00:01.892986   Trusted       <integer> = 0x0000000000000001 (1)
00:00:01.892987 
00:00:01.892987 [/Devices/usb-ohci/0/Config/] (level 4)
00:00:01.892988 
00:00:01.892988 [/Devices/usb-ohci/0/LUN#0/] (level 4)
00:00:01.892989   Driver <string>  = "VUSBRootHub" (cb=12)
00:00:01.892990 
00:00:01.892990 [/Devices/usb-ohci/0/LUN#0/Config/] (level 5)
00:00:01.892991 
00:00:01.892991 [/Devices/usb-ohci/0/LUN#999/] (level 4)
00:00:01.892992   Driver <string>  = "MainStatus" (cb=11)
00:00:01.892992 
00:00:01.892993 [/Devices/usb-ohci/0/LUN#999/Config/] (level 5)
00:00:01.892994   First   <integer> = 0x0000000000000000 (0)
00:00:01.892994   Last    <integer> = 0x0000000000000000 (0)
00:00:01.892995   papLeds <integer> = 0x00000000021d36d8 (35 469 016)
00:00:01.892996 
00:00:01.892996 [/Devices/vga/] (level 2)
00:00:01.892997 
00:00:01.892997 [/Devices/vga/0/] (level 3)
00:00:01.892998   PCIBusNo      <integer> = 0x0000000000000000 (0)
00:00:01.892998   PCIDeviceNo   <integer> = 0x0000000000000002 (2)
00:00:01.892999   PCIFunctionNo <integer> = 0x0000000000000000 (0)
00:00:01.893000   Trusted       <integer> = 0x0000000000000001 (1)
00:00:01.893000 
00:00:01.893000 [/Devices/vga/0/Config/] (level 4)
00:00:01.893002   CustomVideoModes <integer> = 0x0000000000000000 (0)
00:00:01.893002   FadeIn           <integer> = 0x0000000000000001 (1)
00:00:01.893003   FadeOut          <integer> = 0x0000000000000001 (1)
00:00:01.893004   HeightReduction  <integer> = 0x0000000000000000 (0)
00:00:01.893004   LogoFile         <string>  = "" (cb=1)
00:00:01.893005   LogoTime         <integer> = 0x0000000000000000 (0)
00:00:01.893005   MonitorCount     <integer> = 0x0000000000000001 (1)
00:00:01.893006   ShowBootMenu     <integer> = 0x0000000000000002 (2)
00:00:01.893007   VRamSize         <integer> = 0x0000000000900000 (9 437 184, 9 MB)
00:00:01.893008 
00:00:01.893008 [/Devices/vga/0/LUN#0/] (level 4)
00:00:01.893009   Driver <string>  = "MainDisplay" (cb=12)
00:00:01.893010 
00:00:01.893010 [/Devices/vga/0/LUN#0/Config/] (level 5)
00:00:01.893011   Object <integer> = 0x00000000021ec920 (35 572 000)
00:00:01.893012 
00:00:01.893012 [/Devices/vga/0/LUN#999/] (level 4)
00:00:01.893013   Driver <string>  = "MainStatus" (cb=11)
00:00:01.893013 
00:00:01.893014 [/Devices/vga/0/LUN#999/Config/] (level 5)
00:00:01.893015   First   <integer> = 0x0000000000000000 (0)
00:00:01.893015   Last    <integer> = 0x0000000000000000 (0)
00:00:01.893016   papLeds <integer> = 0x00000000021d36e8 (35 469 032)
00:00:01.893016 
00:00:01.893018 [/Devices/virtio-net/] (level 2)
00:00:01.893019 
00:00:01.893019 [/EM/] (level 1)
00:00:01.893020   TripleFaultReset <integer> = 0x0000000000000000 (0)
00:00:01.893020 
00:00:01.893020 [/GIM/] (level 1)
00:00:01.893021   Provider <string>  = "None" (cb=5)
00:00:01.893022 
00:00:01.893022 [/HM/] (level 1)
00:00:01.893023   64bitEnabled       <integer> = 0x0000000000000001 (1)
00:00:01.893024   EnableLargePages   <integer> = 0x0000000000000001 (1)
00:00:01.893024   EnableNestedPaging <integer> = 0x0000000000000001 (1)
00:00:01.893025   EnableUX           <integer> = 0x0000000000000001 (1)
00:00:01.893026   EnableVPID         <integer> = 0x0000000000000001 (1)
00:00:01.893026   Exclusive          <integer> = 0x0000000000000000 (0)
00:00:01.893027   HMForced           <integer> = 0x0000000000000001 (1)
00:00:01.893028   IBPBOnVMEntry      <integer> = 0x0000000000000000 (0)
00:00:01.893028   IBPBOnVMExit       <integer> = 0x0000000000000000 (0)
00:00:01.893029   SpecCtrlByHost     <integer> = 0x0000000000000000 (0)
00:00:01.893030 
00:00:01.893030 [/MM/] (level 1)
00:00:01.893030   CanUseLargerHeap <integer> = 0x0000000000000000 (0)
00:00:01.893031 
00:00:01.893031 [/PDM/] (level 1)
00:00:01.893032 
00:00:01.893032 [/PDM/AsyncCompletion/] (level 2)
00:00:01.893033 
00:00:01.893033 [/PDM/AsyncCompletion/File/] (level 3)
00:00:01.893034 
00:00:01.893034 [/PDM/AsyncCompletion/File/BwGroups/] (level 4)
00:00:01.893035 
00:00:01.893036 [/PDM/BlkCache/] (level 2)
00:00:01.893037   CacheSize <integer> = 0x0000000000500000 (5 242 880, 5 MB)
00:00:01.893038 
00:00:01.893038 [/PDM/Devices/] (level 2)
00:00:01.893039 
00:00:01.893039 [/PDM/Drivers/] (level 2)
00:00:01.893039 
00:00:01.893040 [/PDM/Drivers/VBoxC/] (level 3)
00:00:01.893040   Path <string>  = "VBoxC" (cb=6)
00:00:01.893041 
00:00:01.893041 [/PDM/NetworkShaper/] (level 2)
00:00:01.893042 
00:00:01.893042 [/PDM/NetworkShaper/BwGroups/] (level 3)
00:00:01.893043 
00:00:01.893043 [/TM/] (level 1)
00:00:01.893044   UTCOffset <integer> = 0x0000000000000000 (0)
00:00:01.893045 
00:00:01.893045 [/USB/] (level 1)
00:00:01.893045 
00:00:01.893046 [/USB/USBProxy/] (level 2)
00:00:01.893046 
00:00:01.893047 [/USB/USBProxy/GlobalConfig/] (level 3)
00:00:01.893048 
00:00:01.893048 ********************* End of CFGM dump **********************
00:00:01.893057 VM: fHMEnabled=true  (configured) fRecompileUser=false fRecompileSupervisor=false
00:00:01.893058 VM: fRawRing1Enabled=false CSAM=true  PATM=true 
00:00:01.893377 HM: HMR3Init: VT-x w/ nested paging and unrestricted guest execution hw support
00:00:01.893439 MM: cbHyperHeap=0x100000 (1048576)
00:00:01.895495 CPUM: fXStateHostMask=0x7; initial: 0x7; host XCR0=0x7
00:00:01.896180 CPUM: Matched host CPU INTEL 0x6/0x3c/0x3 Intel_Core7_Haswell with CPU DB entry 'Intel Core i7-5600U' (INTEL 0x6/0x3d/0x4 Intel_Core7_Broadwell)
00:00:01.896213 CPUM: MXCSR_MASK=0xffff (host: 0xffff)
00:00:01.896223 CPUM: Microcode revision 0x00000022
00:00:01.896244 CPUM: SetGuestCpuIdFeature: Enabled PAE
00:00:01.897709 PGM: HCPhysInterPD=00000000dce04000 HCPhysInterPaePDPT=00000000dce07000 HCPhysInterPaePML4=00000000dce09000
00:00:01.897718 PGM: apInterPTs={00000000dce05000,00000000dce06000} apInterPaePTs={0000000058ed0000,000000008e4d1000} apInterPaePDs={000000017e2d2000,00000001eb5d3000,000000019bad4000,00000001019d5000} pInterPaePDPT64=00000000dce08000
00:00:01.897723 PGM: Host paging mode: AMD64+NX
00:00:01.897731 PGM: PGMPool: cMaxPages=48 (u64MaxPages=34)
00:00:01.897734 PGM: pgmR3PoolInit: cMaxPages=0x30 cMaxUsers=0x60 cMaxPhysExts=0x60 fCacheEnable=true 
00:00:01.901518 TM: GIP - u32Mode=3 (Invariant) u32UpdateHz=93 u32UpdateIntervalNS=10739300 enmUseTscDelta=2 (Pratically Zero) fGetGipCpu=0xb cCpus=4
00:00:01.901533 TM: GIP - u64CpuHz=2 993 073 081 (0xb266abb9)  SUPGetCpuHzFromGip => 2 993 073 081
00:00:01.901538 TM: GIP - CPU: iCpuSet=0x0 idCpu=0x0 idApic=0x0 iGipCpu=0x0 i64TSCDelta=0 enmState=3 u64CpuHz=2993073081(*) cErrors=0
00:00:01.901542 TM: GIP - CPU: iCpuSet=0x1 idCpu=0x1 idApic=0x2 iGipCpu=0x3 i64TSCDelta=0 enmState=3 u64CpuHz=2993072362(*) cErrors=0
00:00:01.901546 TM: GIP - CPU: iCpuSet=0x2 idCpu=0x2 idApic=0x4 iGipCpu=0x2 i64TSCDelta=0 enmState=3 u64CpuHz=2993066863(*) cErrors=0
00:00:01.901549 TM: GIP - CPU: iCpuSet=0x3 idCpu=0x3 idApic=0x6 iGipCpu=0x1 i64TSCDelta=0 enmState=3 u64CpuHz=2993073480(*) cErrors=0
00:00:01.901576 TM: cTSCTicksPerSecond=2 993 073 081 (0xb266abb9) enmTSCMode=3 (Dynamic)
00:00:01.901578 TM: TSCTiedToExecution=false TSCNotTiedToHalt=false
00:00:01.902020 VMM: CoreCode: R3=0000000005ff0000 R0=XXXXXXXXXXXXXXXX RC=a0146000 Phys=00000000dcdd0000 cb=0x1000
00:00:01.902216 IEM: TargetCpu=CURRENT, Microarch=Intel_Core7_Haswell
00:00:01.902293 GIM: Using provider 'None' (Implementation version: 0)
00:00:01.902334 AIOMgr: Default manager type is 'Async'
00:00:01.902337 AIOMgr: Default file backend is 'NonBuffered'
00:00:01.902521 BlkCache: Cache successfully initialized. Cache size is 5242880 bytes
00:00:01.902527 BlkCache: Cache commit interval is 10000 ms
00:00:01.902530 BlkCache: Cache commit threshold is 2621440 bytes
00:00:02.109916 PcBios: [SMP] BIOS with 1 CPUs
00:00:02.109984 PcBios: Using the 386+ BIOS image.
00:00:02.110075 PcBios: MPS table at 000e1300
00:00:02.111056 PcBios: fCheckShutdownStatusForSoftReset=true   fClearShutdownStatusOnHardReset=true 
00:00:02.121694 SUP: Loaded VBoxDDR0.r0 (C:\Program Files\Oracle\VirtualBox\VBoxDDR0.r0) at 0xXXXXXXXXXXXXXXXX - ModuleInit at XXXXXXXXXXXXXXXX and ModuleTerm at XXXXXXXXXXXXXXXX using the native ring-0 loader
00:00:02.121708 SUP: windbg> .reload /f C:\Program Files\Oracle\VirtualBox\VBoxDDR0.r0=0xXXXXXXXXXXXXXXXX
00:00:02.121941 CPUM: SetGuestCpuIdFeature: Enabled xAPIC
00:00:02.122314 IOAPIC: Using implementation 2.0!
00:00:02.122362 PIT: mode=3 count=0x10000 (65536) - 18.20 Hz (ch=0)
00:00:02.129666 Shared Folders service loaded
00:00:02.133786 VGA: Using the 386+ BIOS image.
00:00:02.134739 DrvVD: Flushes will be ignored
00:00:02.134746 DrvVD: Async flushes will be passed to the disk
00:00:02.134946 VD: VDInit finished with VINF_SUCCESS
00:00:02.135178 VD: Opening the disk took 419967 ns
00:00:02.135222 FDC: 1.44 MB 3"1/2 floppy disk (2 h 80 t 18 s) rw
00:00:02.135399 PIIX3 ATA: LUN#0: no unit
00:00:02.135405 PIIX3 ATA: LUN#1: no unit
00:00:02.135452 DrvVD: Flushes will be ignored
00:00:02.135457 DrvVD: Async flushes will be passed to the disk
00:00:02.135728 PIIX3 ATA: LUN#2: CD/DVD, total number of sectors 0, passthrough disabled
00:00:02.135736 PIIX3 ATA: LUN#3: no unit
00:00:02.135762 PIIX3 ATA: Ctl#0: finished processing RESET
00:00:02.135775 PIIX3 ATA: Ctl#1: finished processing RESET
00:00:02.135817 E1000#0 Chip=82545EM LinkUpDelay=3000ms EthernetCRC=on GSO=enabled Itr=disabled ItrRx=enabled TID=disabled R0=enabled GC=enabled
00:00:02.151241 NAT: Guest address guess set to 10.0.2.15 by initialization
00:00:02.154407 NAT: DNS#0: 192.168.1.1
00:00:02.155189 Audio: Initializing DirectSound audio driver
00:00:02.243421 DSound: Output: GUID: {88F5E233-1588-44AC-BA47-7CB3590E83F8} [Högtalare (High Definition Audio Device)] (Module: {0.0.0.00000000}.{88f5e233-1588-44ac-ba47-7cb3590e83f8})
00:00:02.243435 DSound: Output: GUID: {531E4E9F-BC75-4994-86EB-2B4535EB6B58} [Hörlurar (High Definition Audio Device)] (Module: {0.0.0.00000000}.{531e4e9f-bc75-4994-86eb-2b4535eb6b58})
00:00:02.243440 DSound: Output: GUID: {F1985ADE-34FF-4E4B-91CE-DCCDF375A4B9} [Digitalt ljud (S/PDIF) (High Definition Audio Device)] (Module: {0.0.0.00000000}.{f1985ade-34ff-4e4b-91ce-dccdf375a4b9})
00:00:02.336272 DSound: Input: GUID: {550E68CA-5829-4681-A5F9-C4B1C0543044} [Mikrofon (High Definition Audio Device)] (Module: {0.0.1.00000000}.{550e68ca-5829-4681-a5f9-c4b1c0543044})
00:00:02.336792 Audio: Initializing VRDE driver
00:00:02.336820 AC97: Reset
00:00:02.337107 PGM: The CPU physical address width is 39 bits
00:00:02.337114 PGM: PGMR3InitFinalize: 4 MB PSE mask 0000007fffffffff
00:00:02.337258 TM: TMR3InitFinalize: fTSCModeSwitchAllowed=false
00:00:02.357274 VMM: Thread-context hooks unavailable
00:00:02.357743 HM: fWorldSwitcher=0x0 (fIbpbOnVmExit=0 fIbpbOnVmEntry=0)
00:00:02.357749 HM: Using VT-x implementation 2.0
00:00:02.357749 HM: Host CR4                        = 0x170678
00:00:02.357751 HM: Host EFER                       = 0xd01
00:00:02.357753 HM: MSR_IA32_SMM_MONITOR_CTL        = 0x0
00:00:02.357753 HM: MSR_IA32_FEATURE_CONTROL        = 0x5
00:00:02.357754 HM: MSR_IA32_VMX_BASIC_INFO         = 0xda040000000012
00:00:02.357755 HM:   VMCS id                         = 0x12
00:00:02.357755 HM:   VMCS size                       = 1024 bytes
00:00:02.357756 HM:   VMCS physical address limit     = None
00:00:02.357756 HM:   VMCS memory type                = 0x6
00:00:02.357757 HM:   Dual-monitor treatment support  = true 
00:00:02.357758 HM:   OUTS & INS instruction-info     = false
00:00:02.357758 HM:   Supports true capability MSRs   = false
00:00:02.357759 HM: Max resume loops                = 1024
00:00:02.357759 HM: MSR_IA32_VMX_PINBASED_CTLS      = 0x7f00000016
00:00:02.357760 HM:   EXT_INT_EXIT
00:00:02.357760 HM:   NMI_EXIT
00:00:02.357760 HM:   VIRTUAL_NMI
00:00:02.357761 HM:   PREEMPT_TIMER
00:00:02.357761 HM:   POSTED_INTR (must be cleared)
00:00:02.357761 HM: MSR_IA32_VMX_PROCBASED_CTLS     = 0xfff9fffe0401e172
00:00:02.357762 HM:   INT_WINDOW_EXIT
00:00:02.357763 HM:   USE_TSC_OFFSETTING
00:00:02.357763 HM:   HLT_EXIT
00:00:02.357763 HM:   INVLPG_EXIT
00:00:02.357764 HM:   MWAIT_EXIT
00:00:02.357764 HM:   RDPMC_EXIT
00:00:02.357764 HM:   RDTSC_EXIT
00:00:02.357765 HM:   CR3_LOAD_EXIT (must be set)
00:00:02.357765 HM:   CR3_STORE_EXIT (must be set)
00:00:02.357765 HM:   CR8_LOAD_EXIT
00:00:02.357766 HM:   CR8_STORE_EXIT
00:00:02.357766 HM:   USE_TPR_SHADOW
00:00:02.357766 HM:   NMI_WINDOW_EXIT
00:00:02.357768 HM:   MOV_DR_EXIT
00:00:02.357768 HM:   UNCOND_IO_EXIT
00:00:02.357769 HM:   USE_IO_BITMAPS
00:00:02.357769 HM:   MONITOR_TRAP_FLAG
00:00:02.357769 HM:   USE_MSR_BITMAPS
00:00:02.357770 HM:   MONITOR_EXIT
00:00:02.357770 HM:   PAUSE_EXIT
00:00:02.357770 HM:   USE_SECONDARY_EXEC_CTRL
00:00:02.357771 HM: MSR_IA32_VMX_PROCBASED_CTLS2    = 0x3cff00000000
00:00:02.357771 HM:   VIRT_APIC
00:00:02.357772 HM:   EPT
00:00:02.357772 HM:   DESCRIPTOR_TABLE_EXIT
00:00:02.357772 HM:   RDTSCP
00:00:02.357773 HM:   VIRT_X2APIC
00:00:02.357773 HM:   VPID
00:00:02.357774 HM:   WBINVD_EXIT
00:00:02.357775 HM:   UNRESTRICTED_GUEST
00:00:02.357775 HM:   APIC_REG_VIRT (must be cleared)
00:00:02.357775 HM:   VIRT_INTR_DELIVERY (must be cleared)
00:00:02.357776 HM:   PAUSE_LOOP_EXIT
00:00:02.357776 HM:   RDRAND_EXIT
00:00:02.357777 HM:   INVPCID
00:00:02.357777 HM:   VMFUNC
00:00:02.357777 HM:   VMCS_SHADOWING (must be cleared)
00:00:02.357778 HM:   ENCLS_EXIT (must be cleared)
00:00:02.357778 HM:   RDSEED_EXIT (must be cleared)
00:00:02.357778 HM:   PML (must be cleared)
00:00:02.357779 HM:   EPT_VE (must be cleared)
00:00:02.357779 HM:   CONCEAL_FROM_PT (must be cleared)
00:00:02.357779 HM:   XSAVES_XRSTORS (must be cleared)
00:00:02.357780 HM:   TSC_SCALING (must be cleared)
00:00:02.357780 HM: MSR_IA32_VMX_ENTRY_CTLS         = 0xffff000011ff
00:00:02.357781 HM:   LOAD_DEBUG (must be set)
00:00:02.357781 HM:   IA32E_MODE_GUEST
00:00:02.357782 HM:   ENTRY_SMM
00:00:02.357782 HM:   DEACTIVATE_DUALMON
00:00:02.357782 HM:   LOAD_GUEST_PERF_MSR
00:00:02.357783 HM:   LOAD_GUEST_PAT_MSR
00:00:02.357783 HM:   LOAD_GUEST_EFER_MSR
00:00:02.357783 HM: MSR_IA32_VMX_EXIT_CTLS          = 0x7fffff00036dff
00:00:02.357784 HM:   SAVE_DEBUG (must be set)
00:00:02.357784 HM:   HOST_ADDR_SPACE_SIZE
00:00:02.357785 HM:   LOAD_PERF_MSR
00:00:02.357785 HM:   ACK_EXT_INT
00:00:02.357785 HM:   SAVE_GUEST_PAT_MSR
00:00:02.357786 HM:   LOAD_HOST_PAT_MSR
00:00:02.357786 HM:   SAVE_GUEST_EFER_MSR
00:00:02.357786 HM:   LOAD_HOST_EFER_MSR
00:00:02.357787 HM:   SAVE_VMX_PREEMPT_TIMER
00:00:02.357787 HM: MSR_IA32_VMX_EPT_VPID_CAP       = 0xf0106334141
00:00:02.357789 HM:   RWX_X_ONLY
00:00:02.357789 HM:   PAGE_WALK_LENGTH_4
00:00:02.357790 HM:   EMT_UC
00:00:02.357790 HM:   EMT_WB
00:00:02.357790 HM:   PDE_2M
00:00:02.357791 HM:   PDPTE_1G
00:00:02.357791 HM:   INVEPT
00:00:02.357791 HM:   EPT_ACCESS_DIRTY
00:00:02.357792 HM:   INVEPT_SINGLE_CONTEXT
00:00:02.357792 HM:   INVEPT_ALL_CONTEXTS
00:00:02.357792 HM:   INVVPID
00:00:02.357792 HM:   INVVPID_INDIV_ADDR
00:00:02.357793 HM:   INVVPID_SINGLE_CONTEXT
00:00:02.357793 HM:   INVVPID_ALL_CONTEXTS
00:00:02.357793 HM:   INVVPID_SINGLE_CONTEXT_RETAIN_GLOBALS
00:00:02.357794 HM: MSR_IA32_VMX_MISC               = 0x300481e5
00:00:02.357794 HM:   PREEMPT_TSC_BIT                 = 0x5
00:00:02.357795 HM:   STORE_EFERLMA_VMEXIT            = true 
00:00:02.357795 HM:   ACTIVITY_STATES                 = 0x7
00:00:02.357796 HM:   CR3_TARGET                      = 0x4
00:00:02.357796 HM:   MAX_MSR                         = 512
00:00:02.357797 HM:   RDMSR_SMBASE_MSR_SMM            = true 
00:00:02.357797 HM:   SMM_MONITOR_CTL_B2              = true 
00:00:02.357798 HM:   VMWRITE_VMEXIT_INFO             = true 
00:00:02.357798 HM:   MSEG_ID                         = 0x0
00:00:02.357798 HM: MSR_IA32_VMX_CR0_FIXED0         = 0x80000021
00:00:02.357799 HM: MSR_IA32_VMX_CR0_FIXED1         = 0xffffffff
00:00:02.357800 HM: MSR_IA32_VMX_CR4_FIXED0         = 0x2000
00:00:02.357800 HM: MSR_IA32_VMX_CR4_FIXED1         = 0x1727ff
00:00:02.357801 HM: MSR_IA32_VMX_VMCS_ENUM          = 0x2a
00:00:02.357801 HM:   HIGHEST_INDEX                   = 0x15
00:00:02.357802 HM: MSR_IA32_VMX_VMFUNC             = 0x1
00:00:02.357802 HM:   EPTP_SWITCHING
00:00:02.357803 HM: APIC-access page physaddr       = 0x00000000dcdcf000
00:00:02.357804 HM: VCPU  0: MSR bitmap physaddr    = 0x00000000dcdcd000
00:00:02.357804 HM: VCPU  0: VMCS physaddr          = 0x00000000dcdce000
00:00:02.357805 HM: Guest support: 32-bit and 64-bit
00:00:02.357810 HM: Supports VMCS EFER fields       = true 
00:00:02.357810 HM: Enabled VMX
00:00:02.357813 CPUM: SetGuestCpuIdFeature: Enabled SYSENTER/EXIT
00:00:02.357813 CPUM: SetGuestCpuIdFeature: Enabled PAE
00:00:02.357814 CPUM: SetGuestCpuIdFeature: Enabled LONG MODE
00:00:02.357814 CPUM: SetGuestCpuIdFeature: Enabled SYSCALL/RET
00:00:02.357815 CPUM: SetGuestCpuIdFeature: Enabled LAHF/SAHF
00:00:02.357815 CPUM: SetGuestCpuIdFeature: Enabled NX
00:00:02.357815 HM: Enabled nested paging
00:00:02.357816 HM:   EPT flush type                = VMXFLUSHEPT_SINGLE_CONTEXT
00:00:02.357816 HM: Enabled unrestricted guest execution
00:00:02.357817 HM: Enabled large page support
00:00:02.357817 HM: Enabled VPID
00:00:02.357818 HM:   VPID flush type               = VMXFLUSHVPID_SINGLE_CONTEXT
00:00:02.357818 HM: Enabled VMX-preemption timer (cPreemptTimerShift=5)
00:00:02.357818 HM: VT-x/AMD-V init method: LOCAL
00:00:02.357819 VMM: fUsePeriodicPreemptionTimers=false
00:00:02.357899 CPUM: Logical host processors: 4 present, 4 max, 4 online, online mask: 000000000000000f
00:00:02.357900 CPUM: Physical host cores: 4
00:00:02.357901 ************************* CPUID dump ************************
00:00:02.357908          Raw Standard CPUID Leaves
00:00:02.357908      Leaf/sub-leaf  eax      ebx      ecx      edx
00:00:02.357910 Gst: 00000000/0000  0000000d 756e6547 6c65746e 49656e69
00:00:02.357911 Hst:                0000000d 756e6547 6c65746e 49656e69
00:00:02.357912 Gst: 00000001/0000  000306c3 00000800 56da220b 078bfbff
00:00:02.357913 Hst:                000306c3 06100800 7ffafbbf bfebfbff
00:00:02.357914 Gst: 00000002/0000  76036301 00f0b6ff 00000000 00c10000
00:00:02.357915 Hst:                76036301 00f0b6ff 00000000 00c10000
00:00:02.357916 Gst: 00000003/0000  00000000 00000000 00000000 00000000
00:00:02.357917 Hst:                00000000 00000000 00000000 00000000
00:00:02.357918 Gst: 00000004/0000  00000121 01c0003f 0000003f 00000000
00:00:02.357918 Hst:                1c004121 01c0003f 0000003f 00000000
00:00:02.357919 Gst: 00000004/0001  00000122 01c0003f 0000003f 00000000
00:00:02.357920 Hst:                1c004122 01c0003f 0000003f 00000000
00:00:02.357921 Gst: 00000004/0002  00000143 01c0003f 000001ff 00000000
00:00:02.357922 Hst:                1c004143 01c0003f 000001ff 00000000
00:00:02.357923 Gst: 00000004/0003  00000163 02c0003f 00001fff 00000006
00:00:02.357923 Hst:                1c03c163 02c0003f 00001fff 00000006
00:00:02.357924 Gst: 00000004/0004  00000000 00000000 00000000 00000000
00:00:02.357925 Hst:                00000000 00000000 00000000 00000000
00:00:02.357926 Gst: 00000005/0000  00000040 00000040 00000000 00000000
00:00:02.357926 Hst:                00000040 00000040 00000003 00042120
00:00:02.357927 Gst: 00000006/0000  00000000 00000000 00000000 00000000
00:00:02.357928 Hst:                00000077 00000002 00000009 00000000
00:00:02.357929 Gst: 00000007/0000  00000000 00002421 00000000 00000000
00:00:02.357929 Hst:                00000000 000027ab 00000000 00000000
00:00:02.357930 Gst: 00000007/0001  00000000 00000000 00000000 00000000
00:00:02.357931 Hst:                00000000 00000000 00000000 00000000
00:00:02.357931 Gst: 00000008/0000  00000000 00000000 00000000 00000000
00:00:02.357932 Hst:                00000000 00000000 00000000 00000000
00:00:02.357932 Gst: 00000009/0000  00000000 00000000 00000000 00000000
00:00:02.357933 Hst:                00000000 00000000 00000000 00000000
00:00:02.357934 Gst: 0000000a/0000  00000000 00000000 00000000 00000000
00:00:02.357934 Hst:                07300803 00000000 00000000 00000603
00:00:02.357935 Gst: 0000000b/0000  00000000 00000001 00000100 00000000
00:00:02.357936 Hst:                00000001 00000001 00000100 00000006
00:00:02.357936 Gst: 0000000b/0001  00000001 00000001 00000201 00000000
00:00:02.357937 Hst:                00000004 00000004 00000201 00000006
00:00:02.357938 Gst: 0000000b/0002  00000000 00000000 00000002 00000000
00:00:02.357938 Hst:                00000000 00000000 00000002 00000006
00:00:02.357939 Gst: 0000000c/0000  00000000 00000000 00000000 00000000
00:00:02.357940 Hst:                00000000 00000000 00000000 00000000
00:00:02.357940 Gst: 0000000d/0000  00000007 00000340 00000340 00000000
00:00:02.357941 Hst:                00000007 00000340 00000340 00000000
00:00:02.357941 Gst: 0000000d/0001  00000000 00000000 00000000 00000000
00:00:02.357942 Hst:                00000001 00000000 00000000 00000000
00:00:02.357943 Gst: 0000000d/0002  00000100 00000240 00000000 00000000
00:00:02.357943 Hst:                00000100 00000240 00000000 00000000
00:00:02.357944 Gst: 0000000d/0003  00000000 00000000 00000000 00000000
00:00:02.357945 Hst:                00000000 00000000 00000000 00000000
00:00:02.357958                                Name: GenuineIntel
00:00:02.357959                            Supports: 0x00000000-0x0000000d
00:00:02.357961                              Family:  6 	Extended: 0 	Effective: 6
00:00:02.357962                               Model: 12 	Extended: 3 	Effective: 60
00:00:02.357964                            Stepping: 3
00:00:02.357964                                Type: 0 (primary)
00:00:02.357965                             APIC ID: 0x00
00:00:02.357966                        Logical CPUs: 0
00:00:02.357966                        CLFLUSH Size: 8
00:00:02.357967                            Brand ID: 0x00
00:00:02.357967 Features
00:00:02.357968   Mnemonic - Description                                  = guest (host)
00:00:02.357968   FPU - x87 FPU on Chip                                   = 1 (1)
00:00:02.357970   VME - Virtual 8086 Mode Enhancements                    = 1 (1)
00:00:02.357971   DE - Debugging extensions                               = 1 (1)
00:00:02.357972   PSE - Page Size Extension                               = 1 (1)
00:00:02.357972   TSC - Time Stamp Counter                                = 1 (1)
00:00:02.357973   MSR - Model Specific Registers                          = 1 (1)
00:00:02.357974   PAE - Physical Address Extension                        = 1 (1)
00:00:02.357975   MCE - Machine Check Exception                           = 1 (1)
00:00:02.357976   CX8 - CMPXCHG8B instruction                             = 1 (1)
00:00:02.357977   APIC - APIC On-Chip                                     = 1 (1)
00:00:02.357978   SEP - SYSENTER and SYSEXIT Present                      = 1 (1)
00:00:02.357979   MTRR - Memory Type Range Registers                      = 1 (1)
00:00:02.357979   PGE - PTE Global Bit                                    = 1 (1)
00:00:02.357980   MCA - Machine Check Architecture                        = 1 (1)
00:00:02.357981   CMOV - Conditional Move instructions                    = 1 (1)
00:00:02.357982   PAT - Page Attribute Table                              = 1 (1)
00:00:02.357983   PSE-36 - 36-bit Page Size Extension                     = 1 (1)
00:00:02.357984   PSN - Processor Serial Number                           = 0 (0)
00:00:02.357984   CLFSH - CLFLUSH instruction                             = 1 (1)
00:00:02.357985   DS - Debug Store                                        = 0 (1)
00:00:02.357986   ACPI - Thermal Mon. & Soft. Clock Ctrl.                 = 0 (1)
00:00:02.357987   MMX - Intel MMX Technology                              = 1 (1)
00:00:02.357988   FXSR - FXSAVE and FXRSTOR instructions                  = 1 (1)
00:00:02.357989   SSE - SSE support                                       = 1 (1)
00:00:02.357990   SSE2 - SSE2 support                                     = 1 (1)
00:00:02.357992   SS - Self Snoop                                         = 0 (1)
00:00:02.357993   HTT - Hyper-Threading Technology                        = 0 (1)
00:00:02.357993   TM - Therm. Monitor                                     = 0 (1)
00:00:02.357994   PBE - Pending Break Enabled                             = 0 (1)
00:00:02.357995   SSE3 - SSE3 support                                     = 1 (1)
00:00:02.357996   PCLMUL - PCLMULQDQ support (for AES-GCM)                = 1 (1)
00:00:02.357997   DTES64 - DS Area 64-bit Layout                          = 0 (1)
00:00:02.357998   MONITOR - MONITOR/MWAIT instructions                    = 1 (1)
00:00:02.357998   CPL-DS - CPL Qualified Debug Store                      = 0 (1)
00:00:02.357999   VMX - Virtual Machine Extensions                        = 0 (1)
00:00:02.358000   SMX - Safer Mode Extensions                             = 0 (0)
00:00:02.358001   EST - Enhanced SpeedStep Technology                     = 0 (1)
00:00:02.358002   TM2 - Terminal Monitor 2                                = 0 (1)
00:00:02.358003   SSSE3 - Supplemental Streaming SIMD Extensions 3        = 1 (1)
00:00:02.358003   CNTX-ID - L1 Context ID                                 = 0 (0)
00:00:02.358004   SDBG - Silicon Debug interface                          = 0 (1)
00:00:02.358005   FMA - Fused Multiply Add extensions                     = 0 (1)
00:00:02.358006   CX16 - CMPXCHG16B instruction                           = 1 (1)
00:00:02.358007   TPRUPDATE - xTPR Update Control                         = 0 (1)
00:00:02.358008   PDCM - Perf/Debug Capability MSR                        = 0 (1)
00:00:02.358008   PCID - Process Context Identifiers                      = 1 (1)
00:00:02.358009   DCA - Direct Cache Access                               = 0 (0)
00:00:02.358010   SSE4_1 - SSE4_1 support                                 = 1 (1)
00:00:02.358011   SSE4_2 - SSE4_2 support                                 = 1 (1)
00:00:02.358012   X2APIC - x2APIC support                                 = 0 (1)
00:00:02.358013   MOVBE - MOVBE instruction                               = 1 (1)
00:00:02.358014   POPCNT - POPCNT instruction                             = 1 (1)
00:00:02.358014   TSCDEADL - Time Stamp Counter Deadline                  = 0 (1)
00:00:02.358015   AES - AES instructions                                  = 1 (1)
00:00:02.358016   XSAVE - XSAVE instruction                               = 1 (1)
00:00:02.358017   OSXSAVE - OSXSAVE instruction                           = 0 (1)
00:00:02.358018   AVX - AVX support                                       = 1 (1)
00:00:02.358019   F16C - 16-bit floating point conversion instructions    = 0 (1)
00:00:02.358019   RDRAND - RDRAND instruction                             = 1 (1)
00:00:02.358020   HVP - Hypervisor Present (we're a guest)                = 0 (0)
00:00:02.358021 Structured Extended Feature Flags Enumeration (leaf 7):
00:00:02.358022   Mnemonic - Description                                  = guest (host)
00:00:02.358022   FSGSBASE - RDFSBASE/RDGSBASE/WRFSBASE/WRGSBASE instr.   = 1 (1)
00:00:02.358023   TSCADJUST - Supports MSR_IA32_TSC_ADJUST                = 0 (1)
00:00:02.358023   SGX - Supports Software Guard Extensions                = 0 (0)
00:00:02.358024   BMI1 - Advanced Bit Manipulation extension 1            = 0 (1)
00:00:02.358025   HLE - Hardware Lock Elision                             = 0 (0)
00:00:02.358026   AVX2 - Advanced Vector Extensions 2                     = 1 (1)
00:00:02.358027   FDP_EXCPTN_ONLY - FPU DP only updated on exceptions     = 0 (0)
00:00:02.358027   SMEP - Supervisor Mode Execution Prevention             = 0 (1)
00:00:02.358028   BMI2 - Advanced Bit Manipulation extension 2            = 0 (1)
00:00:02.358029   ERMS - Enhanced REP MOVSB/STOSB instructions            = 0 (1)
00:00:02.358029   INVPCID - INVPCID instruction                           = 1 (1)
00:00:02.358030   RTM - Restricted Transactional Memory                   = 0 (0)
00:00:02.358031   PQM - Platform Quality of Service Monitoring            = 0 (0)
00:00:02.358032   DEPFPU_CS_DS - Deprecates FPU CS, FPU DS values if set  = 1 (1)
00:00:02.358032   MPE - Intel Memory Protection Extensions                = 0 (0)
00:00:02.358033   PQE - Platform Quality of Service Enforcement           = 0 (0)
00:00:02.358034   AVX512F - AVX512 Foundation instructions                = 0 (0)
00:00:02.358035   RDSEED - RDSEED instruction                             = 0 (0)
00:00:02.358036   ADX - ADCX/ADOX instructions                            = 0 (0)
00:00:02.358036   SMAP - Supervisor Mode Access Prevention                = 0 (0)
00:00:02.358037   CLFLUSHOPT - CLFLUSHOPT (Cache Line Flush) instruction  = 0 (0)
00:00:02.358038   INTEL_PT - Intel Processor Trace                        = 0 (0)
00:00:02.358039   AVX512PF - AVX512 Prefetch instructions                 = 0 (0)
00:00:02.358040   AVX512ER - AVX512 Exponential & Reciprocal instructions = 0 (0)
00:00:02.358040   AVX512CD - AVX512 Conflict Detection instructions       = 0 (0)
00:00:02.358041   SHA - Secure Hash Algorithm extensions                  = 0 (0)
00:00:02.358042   PREFETCHWT1 - PREFETCHWT1 instruction                   = 0 (0)
00:00:02.358043   UMIP - User mode insturction prevention                 = 0 (0)
00:00:02.358043   PKU - Protection Key for Usermode pages                 = 0 (0)
00:00:02.358044   OSPKE - CR4.PKU mirror                                  = 0 (0)
00:00:02.358045   MAWAU - Value used by BNDLDX & BNDSTX                   = 0x0 (0x0)
00:00:02.358046   RDPID - Read processor ID support                       = 0 (0)
00:00:02.358047   SGX_LC - Supports SGX Launch Configuration              = 0 (0)
00:00:02.358048 Processor Extended State Enumeration (leaf 0xd):
00:00:02.358049    XSAVE area cur/max size by XCR0, guest: 0x340/0x340
00:00:02.358049     XSAVE area cur/max size by XCR0, host: 0x340/0x340
00:00:02.358050                    Valid XCR0 bits, guest: 0x00000000`00000007 ( x87 SSE YMM_Hi128 )
00:00:02.358052                     Valid XCR0 bits, host: 0x00000000`00000007 ( x87 SSE YMM_Hi128 )
00:00:02.358054                     XSAVE features, guest:
00:00:02.358055                      XSAVE features, host: XSAVEOPT
00:00:02.358056       XSAVE area cur size XCR0|XSS, guest: 0x0
00:00:02.358057        XSAVE area cur size XCR0|XSS, host: 0x0
00:00:02.358057                Valid IA32_XSS bits, guest: 0x00000000`00000000
00:00:02.358058                 Valid IA32_XSS bits, host: 0x00000000`00000000
00:00:02.358059   State #2, guest: off=0x0240, cb=0x0100 IA32_XSS-bit -- YMM_Hi128
00:00:02.358060   State #2, host:  off=0x0240, cb=0x0100 IA32_XSS-bit -- YMM_Hi128
00:00:02.358068          Raw Extended CPUID Leaves
00:00:02.358068      Leaf/sub-leaf  eax      ebx      ecx      edx
00:00:02.358069 Gst: 80000000/0000  80000008 00000000 00000000 00000000
00:00:02.358069 Hst:                80000008 00000000 00000000 00000000
00:00:02.358070 Gst: 80000001/0000  00000000 00000000 00000021 28100800
00:00:02.358071 Hst:                00000000 00000000 00000021 2c100800
00:00:02.358072 Gst: 80000002/0000  65746e49 2952286c 726f4320 4d542865
00:00:02.358073 Hst:                65746e49 2952286c 726f4320 4d542865
00:00:02.358075 Gst: 80000003/0000  35692029 3334342d 50432030 20402055
00:00:02.358076 Hst:                35692029 3334342d 50432030 20402055
00:00:02.358077 Gst: 80000004/0000  30302e33 007a4847 00000000 00000000
00:00:02.358078 Hst:                30302e33 007a4847 00000000 00000000
00:00:02.358079 Gst: 80000005/0000  00000000 00000000 00000000 00000000
00:00:02.358079 Hst:                00000000 00000000 00000000 00000000
00:00:02.358080 Gst: 80000006/0000  00000000 00000000 01006040 00000000
00:00:02.358081 Hst:                00000000 00000000 01006040 00000000
00:00:02.358082 Gst: 80000007/0000  00000000 00000000 00000000 00000100
00:00:02.358082 Hst:                00000000 00000000 00000000 00000100
00:00:02.358083 Gst: 80000008/0000  00003027 00000000 00000000 00000000
00:00:02.358084 Hst:                00003027 00000000 00000000 00000000
00:00:02.358084 Ext Name:                        
00:00:02.358085 Ext Supports:                    0x80000000-0x80000008
00:00:02.358086 Family:                          0  	Extended: 0 	Effective: 0
00:00:02.358086 Model:                           0  	Extended: 0 	Effective: 0
00:00:02.358087 Stepping:                        0
00:00:02.358087 Brand ID:                        0x000
00:00:02.358088 Ext Features
00:00:02.358088   Mnemonic - Description                                  = guest (host)
00:00:02.358088   FPU - x87 FPU on Chip                                   = 0 (0)
00:00:02.358089   VME - Virtual 8086 Mode Enhancements                    = 0 (0)
00:00:02.358090   DE - Debugging extensions                               = 0 (0)
00:00:02.358091   PSE - Page Size Extension                               = 0 (0)
00:00:02.358092   TSC - Time Stamp Counter                                = 0 (0)
00:00:02.358093   MSR - K86 Model Specific Registers                      = 0 (0)
00:00:02.358093   PAE - Physical Address Extension                        = 0 (0)
00:00:02.358094   MCE - Machine Check Exception                           = 0 (0)
00:00:02.358095   CX8 - CMPXCHG8B instruction                             = 0 (0)
00:00:02.358096   APIC - APIC On-Chip                                     = 0 (0)
00:00:02.358097   SEP - SYSCALL/SYSRET                                    = 1 (1)
00:00:02.358098   MTRR - Memory Type Range Registers                      = 0 (0)
00:00:02.358098   PGE - PTE Global Bit                                    = 0 (0)
00:00:02.358099   MCA - Machine Check Architecture                        = 0 (0)
00:00:02.358100   CMOV - Conditional Move instructions                    = 0 (0)
00:00:02.358101   PAT - Page Attribute Table                              = 0 (0)
00:00:02.358102   PSE-36 - 36-bit Page Size Extension                     = 0 (0)
00:00:02.358102   NX - No-Execute/Execute-Disable                         = 1 (1)
00:00:02.358103   AXMMX - AMD Extensions to MMX instructions              = 0 (0)
00:00:02.358104   MMX - Intel MMX Technology                              = 0 (0)
00:00:02.358105   FXSR - FXSAVE and FXRSTOR Instructions                  = 0 (0)
00:00:02.358106   FFXSR - AMD fast FXSAVE and FXRSTOR instructions        = 0 (0)
00:00:02.358106   Page1GB - 1 GB large page                               = 0 (1)
00:00:02.358107   RDTSCP - RDTSCP instruction                             = 1 (1)
00:00:02.358108   LM - AMD64 Long Mode                                    = 1 (1)
00:00:02.358109   3DNOWEXT - AMD Extensions to 3DNow                      = 0 (0)
00:00:02.358110   3DNOW - AMD 3DNow                                       = 0 (0)
00:00:02.358110   LahfSahf - LAHF/SAHF support in 64-bit mode             = 1 (1)
00:00:02.358111   CmpLegacy - Core multi-processing legacy mode           = 0 (0)
00:00:02.358112   SVM - AMD Secure Virtual Machine extensions             = 0 (0)
00:00:02.358113   EXTAPIC - AMD Extended APIC registers                   = 0 (0)
00:00:02.358113   CR8L - AMD LOCK MOV CR0 means MOV CR8                   = 0 (0)
00:00:02.358114   ABM - AMD Advanced Bit Manipulation                     = 1 (1)
00:00:02.358115   SSE4A - SSE4A instructions                              = 0 (0)
00:00:02.358116   MISALIGNSSE - AMD Misaligned SSE mode                   = 0 (0)
00:00:02.358116   3DNOWPRF - AMD PREFETCH and PREFETCHW instructions      = 0 (0)
00:00:02.358117   OSVW - AMD OS Visible Workaround                        = 0 (0)
00:00:02.358118   IBS - Instruct Based Sampling                           = 0 (0)
00:00:02.358119   XOP - Extended Operation support                        = 0 (0)
00:00:02.358120   SKINIT - SKINIT, STGI, and DEV support                  = 0 (0)
00:00:02.358120   WDT - AMD Watchdog Timer support                        = 0 (0)
00:00:02.358121   LWP - Lightweight Profiling support                     = 0 (0)
00:00:02.358122   FMA4 - Four operand FMA instruction support             = 0 (0)
00:00:02.358123   NodeId - NodeId in MSR C001_100C                        = 0 (0)
00:00:02.358124   TBM - Trailing Bit Manipulation instructions            = 0 (0)
00:00:02.358124   TOPOEXT - Topology Extensions                           = 0 (0)
00:00:02.358125 Full Name:                       "Intel(R) Core(TM) i5-4430 CPU @ 3.00GHz"
00:00:02.358126 TLB 2/4M Instr/Uni:              res0     0 entries
00:00:02.358127 TLB 2/4M Data:                   res0     0 entries
00:00:02.358127 TLB 4K Instr/Uni:                res0     0 entries
00:00:02.358127 TLB 4K Data:                     res0     0 entries
00:00:02.358128 L1 Instr Cache Line Size:        0 bytes
00:00:02.358128 L1 Instr Cache Lines Per Tag:    0
00:00:02.358129 L1 Instr Cache Associativity:    res0  
00:00:02.358129 L1 Instr Cache Size:             0 KB
00:00:02.358129 L1 Data Cache Line Size:         0 bytes
00:00:02.358130 L1 Data Cache Lines Per Tag:     0
00:00:02.358130 L1 Data Cache Associativity:     res0  
00:00:02.358130 L1 Data Cache Size:              0 KB
00:00:02.358131 L2 TLB 2/4M Instr/Uni:           off       0 entries
00:00:02.358131 L2 TLB 2/4M Data:                off       0 entries
00:00:02.358132 L2 TLB 4K Instr/Uni:             off       0 entries
00:00:02.358132 L2 TLB 4K Data:                  off       0 entries
00:00:02.358133 L2 Cache Line Size:              0 bytes
00:00:02.358133 L2 Cache Lines Per Tag:          0
00:00:02.358133 L2 Cache Associativity:          off   
00:00:02.358134 L2 Cache Size:                   0 KB
00:00:02.358134 APM Features:                    TscInvariant
00:00:02.358135 Host Invariant-TSC support:      true 
00:00:02.358136 Physical Address Width:          39 bits
00:00:02.358136 Virtual Address Width:           48 bits
00:00:02.358136 Guest Physical Address Width:    0 bits
00:00:02.358137 Physical Core Count:             1
00:00:02.358138 
00:00:02.358138 ******************** End of CPUID dump **********************
00:00:02.378290 APIC: fPostedIntrsEnabled=false fVirtApicRegsEnabled=false fSupportsTscDeadline=false
00:00:02.378304 TMR3UtcNow: nsNow=1 527 864 666 666 658 500 nsPrev=0 -> cNsDelta=1 527 864 666 666 658 500 (offLag=0 offVirtualSync=0 offVirtualSyncGivenUp=0, NowAgain=1 527 864 666 666 658 500)
00:00:02.378317 VMEmt: Halt method global1 (5)
00:00:02.378325 VMEmt: HaltedGlobal1 config: cNsSpinBlockThresholdCfg=50000
00:00:02.378329 Changing the VM state from 'CREATING' to 'CREATED'
00:00:02.379144 Changing the VM state from 'CREATED' to 'POWERING_ON'
00:00:02.379428 Changing the VM state from 'POWERING_ON' to 'RUNNING'
00:00:02.379435 Console: Machine state changed to 'Running'
00:00:02.382440 VMMDev: Guest Log: BIOS: VirtualBox 5.2.12
00:00:02.382532 PCI: setting up resources and interrupts
00:00:02.382797 PIT: mode=2 count=0x10000 (65536) - 18.20 Hz (ch=0)
00:00:02.394454 VMMDev: Guest Log: CPUID EDX: 0x078bfbff
00:00:02.394516 PIIX3 ATA: Ctl#1: RESET, DevSel=0 AIOIf=0 CmdIf0=0x00 (-1 usec ago) CmdIf1=0x00 (-1 usec ago)
00:00:02.394543 PIIX3 ATA: Ctl#1: finished processing RESET
00:00:02.402826 PIT: mode=2 count=0x48d3 (18643) - 64.00 Hz (ch=0)
00:00:02.404900 Display::handleDisplayResize: uScreenId=0 pvVRAM=0000000008f50000 w=640 h=480 bpp=32 cbLine=0xA00 flags=0x0
00:00:02.404945 GUI: UIFrameBufferPrivate::NotifyChange: Screen=0, Origin=0x0, Size=640x480, Sending to async-handler
00:00:02.879846 GUI: UIMachineViewNormal::resendSizeHint: Restoring guest size-hint for screen 0 to 800x600
00:00:02.879880 VMMDev: SetVideoModeHint: Got a video mode hint (800x600x32)@(0x0),(1;0) at 0
00:00:02.879914 GUI: UIMachineView::sltHandleNotifyChange: Screen=0, Size=640x480
00:00:02.879919 GUI: UIFrameBufferPrivate::handleNotifyChange: Size=640x480
00:00:02.879923 GUI: UIFrameBufferPrivate::performResize: Size=640x480, Directly using source bitmap content
00:00:02.881716 GUI: 2D video acceleration is disabled
00:00:02.881728 GUI: HID LEDs sync is enabled
00:00:02.889457 GUI: UIMachineLogicNormal::sltCheckForRequestedVisualStateType: Requested-state=0, Machine-state=5
00:00:04.879919 PIT: mode=2 count=0x10000 (65536) - 18.20 Hz (ch=0)
00:00:04.880129 VMMDev: Guest Log: BIOS: Boot : bseqnr=1, bootseq=0231
00:00:04.893980 Display::handleDisplayResize: uScreenId=0 pvVRAM=0000000000000000 w=720 h=400 bpp=0 cbLine=0x0 flags=0x0
00:00:04.894059 GUI: UIFrameBufferPrivate::NotifyChange: Screen=0, Origin=0x0, Size=720x400, Sending to async-handler
00:00:04.894173 GUI: UIMachineView::sltHandleNotifyChange: Screen=0, Size=720x400
00:00:04.894184 GUI: UIFrameBufferPrivate::handleNotifyChange: Size=720x400
00:00:04.894203 GUI: UIFrameBufferPrivate::performResize: Size=720x400, Directly using source bitmap content
00:00:04.901264 VMMDev: Guest Log: BIOS: Booting from Floppy...
00:00:13.856684 Changing the VM state from 'RUNNING' to 'SUSPENDING'
00:00:13.943876 PDMR3Suspend: 87 163 229 ns run time
00:00:13.943899 Changing the VM state from 'SUSPENDING' to 'SUSPENDED'
00:00:13.943909 Console: Machine state changed to 'Paused'
00:00:15.152716 GUI: Request for close-action to power VM off.
00:00:15.152732 GUI: Passing request to power VM off from machine-logic to UI session.
00:00:15.152736 GUI: Powering VM down on UI session power off request...
00:00:15.153029 Console: Machine state changed to 'Stopping'
00:00:15.153260 Console::powerDown(): A request to power off the VM has been issued (mMachineState=Stopping, InUninit=0)
00:00:15.153274 Display::handleDisplayResize: uScreenId=0 pvVRAM=0000000000000000 w=720 h=400 bpp=32 cbLine=0x0 flags=0x0
00:00:15.153293 GUI: UIFrameBufferPrivate::NotifyChange: Screen=0, Origin=0x0, Size=720x400, Sending to async-handler
00:00:15.153667 Changing the VM state from 'SUSPENDED' to 'POWERING_OFF'
00:00:15.153679 ****************** Guest state at power off for VCpu 0 ******************
00:00:15.153689 Guest CPUM (VCPU 0) state: 
00:00:15.153693 eax=0000aa55 ebx=00000000 ecx=00000001 edx=00000000 esi=00000000 edi=0000fff0
00:00:15.153694 eip=00007c00 esp=00007800 ebp=00000000 iopl=0         nv up ei pl nz na po nc
00:00:15.153696 cs={0000 base=0000000000000000 limit=0000ffff flags=0000009b} dr0=00000000 dr1=00000000
00:00:15.153698 ds={0000 base=0000000000000000 limit=0000ffff flags=00000093} dr2=00000000 dr3=00000000
00:00:15.153700 es={0000 base=0000000000000000 limit=0000ffff flags=00000093} dr4=00000000 dr5=00000000
00:00:15.153701 fs={0000 base=0000000000000000 limit=0000ffff flags=00000093} dr6=ffff0ff0 dr7=00000400
00:00:15.153702 gs={0000 base=0000000000000000 limit=0000ffff flags=00000093} cr0=00000010 cr2=00000000
00:00:15.153703 ss={0000 base=0000000000000000 limit=0000ffff flags=00000093} cr3=00000000 cr4=00000000
00:00:15.153705 gdtr=00000000000fe89f:0047  idtr=0000000000000000:ffff  eflags=00200246
00:00:15.153706 ldtr={0000 base=00000000 limit=0000ffff flags=00000082}
00:00:15.153707 tr  ={0000 base=00000000 limit=0000ffff flags=0000008b}
00:00:15.153708 SysEnter={cs=0000 eip=00000000 esp=00000000}
00:00:15.153708 xcr=0000000000000001 xcr1=0000000000000000 xss=0000000000000000 (fXStateMask=0000000000000000)
00:00:15.153710 FCW=037f FSW=0000 FTW=0000 FOP=0000 MXCSR=00001f80 MXCSR_MASK=0000ffff
00:00:15.153711 FPUIP=00000000 CS=0000 Rsrvd1=0000  FPUDP=00000000 DS=0000 Rsvrd2=0000
00:00:15.153712 ST(0)=FPR0={0000'00000000'00000000} t0 +0.0000000000000000000000 * 2 ^ -16383 (*)
00:00:15.153715 ST(1)=FPR1={0000'00000000'00000000} t0 +0.0000000000000000000000 * 2 ^ -16383 (*)
00:00:15.153716 ST(2)=FPR2={0000'00000000'00000000} t0 +0.0000000000000000000000 * 2 ^ -16383 (*)
00:00:15.153717 ST(3)=FPR3={0000'00000000'00000000} t0 +0.0000000000000000000000 * 2 ^ -16383 (*)
00:00:15.153719 ST(4)=FPR4={0000'00000000'00000000} t0 +0.0000000000000000000000 * 2 ^ -16383 (*)
00:00:15.153720 ST(5)=FPR5={0000'00000000'00000000} t0 +0.0000000000000000000000 * 2 ^ -16383 (*)
00:00:15.153721 ST(6)=FPR6={0000'00000000'00000000} t0 +0.0000000000000000000000 * 2 ^ -16383 (*)
00:00:15.153722 ST(7)=FPR7={0000'00000000'00000000} t0 +0.0000000000000000000000 * 2 ^ -16383 (*)
00:00:15.153724 XMM0 =00000000'00000000'00000000'00000000  XMM1 =00000000'00000000'00000000'00000000
00:00:15.153725 XMM2 =00000000'00000000'00000000'00000000  XMM3 =00000000'00000000'00000000'00000000
00:00:15.153727 XMM4 =00000000'00000000'00000000'00000000  XMM5 =00000000'00000000'00000000'00000000
00:00:15.153728 XMM6 =00000000'00000000'00000000'00000000  XMM7 =00000000'00000000'00000000'00000000
00:00:15.153730 XMM8 =00000000'00000000'00000000'00000000  XMM9 =00000000'00000000'00000000'00000000
00:00:15.153731 XMM10=00000000'00000000'00000000'00000000  XMM11=00000000'00000000'00000000'00000000
00:00:15.153733 XMM12=00000000'00000000'00000000'00000000  XMM13=00000000'00000000'00000000'00000000
00:00:15.153734 XMM14=00000000'00000000'00000000'00000000  XMM15=00000000'00000000'00000000'00000000
00:00:15.153736 EFER         =0000000000000000
00:00:15.153736 PAT          =0007040600070406
00:00:15.153737 STAR         =0000000000000000
00:00:15.153737 CSTAR        =0000000000000000
00:00:15.153738 LSTAR        =0000000000000000
00:00:15.153738 SFMASK       =0000000000000000
00:00:15.153739 KERNELGSBASE =0000000000000000
00:00:15.153740 ***
00:00:15.153742 VCPU[0] hardware virtualization state:
00:00:15.153743 No/inactive hwvirt state
00:00:15.153744 ***
00:00:15.153747 Guest paging mode (VCPU #0):  Real (changed 4 times), A20 disabled (changed 1 times)
00:00:15.153749 Shadow paging mode (VCPU #0): EPT
00:00:15.153750 Host paging mode:              AMD64+NX
00:00:15.153751 ***
00:00:15.153752 Active Timers (pVM=0000000005ef0000)
00:00:15.153753 pTimerR3         offNext  offPrev  offSched Clock               Time             Expire HzHint State                     Description
00:00:15.153756 000000000682dc50 fffd8000 00000000 00000000 Real           806354000          806352702      0 2-ACTIVE                  EMT Yielder
00:00:15.153760 0000000006805c50 00027f80 00028000 00000000 Real           806354000          806352718      0 2-ACTIVE                  VGA Refresh Timer
00:00:15.153762 000000000682dbd0 00000000 fffd8080 00000000 Real           806354000          806353217      0 2-ACTIVE                  CPU Load Timer
00:00:15.153765 00000000068015e0 000005e0 00000000 00000000 VrSy         11474422945        11506874367     18 2-ACTIVE                  i8254 Programmable Interval Timer
00:00:15.153768 0000000006801bc0 0002bdf0 fffffa20 00000000 VrSy         11474422945        11990000000      0 2-ACTIVE                  MC146818 RTC/CMOS - Second
00:00:15.153771 000000000682d9b0 00000000 fffd4210 00000000 VrSy         11474422945       599932015941      0 2-ACTIVE                  ACPI PM Timer
00:00:15.153773 ***
00:00:15.153776 ************** End of Guest state at power off ***************
00:00:15.153848 PDMR3PowerOff: 63 489 ns run time
00:00:15.153859 Changing the VM state from 'POWERING_OFF' to 'OFF'
00:00:15.155097 Changing the VM state from 'OFF' to 'DESTROYING'
00:00:15.155121 ************************* Statistics *************************
00:00:15.155183 /CPUM/MSR-Totals/Reads                  0 times
00:00:15.155188 /CPUM/MSR-Totals/ReadsRaisingGP         0 times
00:00:15.155191 /CPUM/MSR-Totals/ReadsUnknown           0 times
00:00:15.155194 /CPUM/MSR-Totals/Writes                 0 times
00:00:15.155196 /CPUM/MSR-Totals/WritesRaisingGP        0 times
00:00:15.155199 /CPUM/MSR-Totals/WritesToIgnoredBits        0 times
00:00:15.155202 /CPUM/MSR-Totals/WritesUnknown          0 times
00:00:15.155204 /Devices/E1k0/ReceiveBytes              0 bytes
00:00:15.155207 /Devices/E1k0/TransmitBytes             0 bytes
00:00:15.155210 /Devices/E1k0/iStatIntLost              0 ns
00:00:15.155212 /Devices/E1k0/iStatIntLostOne           0 ns
00:00:15.155215 /Devices/E1k0/u64ArmedAt                0 ns
00:00:15.155218 /Devices/E1k0/uStatDescCtx              0 ns
00:00:15.155224 /Devices/E1k0/uStatDescDat              0 ns
00:00:15.155229 /Devices/E1k0/uStatDescLeg              0 ns
00:00:15.155231 /Devices/E1k0/uStatInt                  0 ns
00:00:15.155234 /Devices/E1k0/uStatIntEarly             0 ns
00:00:15.155237 /Devices/E1k0/uStatIntICS               0 ns
00:00:15.155239 /Devices/E1k0/uStatIntIMS               0 ns
00:00:15.155242 /Devices/E1k0/uStatIntLate              0 ns
00:00:15.155244 /Devices/E1k0/uStatIntLower             0 ns
00:00:15.155247 /Devices/E1k0/uStatIntMasked            0 ns
00:00:15.155250 /Devices/E1k0/uStatIntRDTR              0 ns
00:00:15.155252 /Devices/E1k0/uStatIntRXDMT0            0 ns
00:00:15.155254 /Devices/E1k0/uStatIntRx                0 ns
00:00:15.155257 /Devices/E1k0/uStatIntSkip              0 ns
00:00:15.155260 /Devices/E1k0/uStatIntTXQE              0 ns
00:00:15.155262 /Devices/E1k0/uStatIntTry               0 ns
00:00:15.155265 /Devices/E1k0/uStatIntTx                0 ns
00:00:15.155267 /Devices/E1k0/uStatMaxTxDelay           0 ns
00:00:15.155270 /Devices/E1k0/uStatNoIntICR             0 ns
00:00:15.155272 /Devices/E1k0/uStatRAD                  0 ns
00:00:15.155275 /Devices/E1k0/uStatRID                  0 ns
00:00:15.155278 /Devices/E1k0/uStatRxFrm                0 ns
00:00:15.155280 /Devices/E1k0/uStatTAD                  0 ns
00:00:15.155283 /Devices/E1k0/uStatTID                  0 ns
00:00:15.155285 /Devices/E1k0/uStatTx1514               0 ns
00:00:15.155288 /Devices/E1k0/uStatTx16384              0 ns
00:00:15.155291 /Devices/E1k0/uStatTx2962               0 ns
00:00:15.155293 /Devices/E1k0/uStatTx32768              0 ns
00:00:15.155296 /Devices/E1k0/uStatTx4410               0 ns
00:00:15.155298 /Devices/E1k0/uStatTx5858               0 ns
00:00:15.155301 /Devices/E1k0/uStatTx7306               0 ns
00:00:15.155303 /Devices/E1k0/uStatTx8754               0 ns
00:00:15.155306 /Devices/E1k0/uStatTxDelayExp           0 ns
00:00:15.155309 /Devices/E1k0/uStatTxDelayed            0 ns
00:00:15.155311 /Devices/E1k0/uStatTxFrm                0 ns
00:00:15.155314 /Devices/E1k0/uStatTxIDE                0 ns
00:00:15.155316 /Devices/E1k0/uStatTxLarge              0 ns
00:00:15.155319 /Devices/E1k0/uStatTxNoRS               0 ns
00:00:15.155322 /Devices/I820780/Port0/QueryBufAttempts        0 count
00:00:15.155325 /Devices/I820780/Port0/QueryBufSuccess        0 count
00:00:15.155327 /Devices/I820780/Port0/ReadBytes      512 bytes
00:00:15.155330 /Devices/I820780/Port0/ReqsRead         1 count
00:00:15.155333 /Devices/I820780/Port0/ReqsSubmitted        1 count
00:00:15.155336 /Devices/I820780/Port0/ReqsSucceeded        1 count
00:00:15.155339 /Devices/IDE0/ATA0/Unit0/AtapiDMA        0 times
00:00:15.155341 /Devices/IDE0/ATA0/Unit0/AtapiPIO        0 times
00:00:15.155344 /Devices/IDE0/ATA0/Unit0/DMA            0 times
00:00:15.155346 /Devices/IDE0/ATA0/Unit0/PIO            0 times
00:00:15.155349 /Devices/IDE0/ATA0/Unit0/ReadBytes        0 bytes
00:00:15.155351 /Devices/IDE0/ATA0/Unit0/WrittenBytes        0 bytes
00:00:15.155354 /Devices/IDE0/ATA0/Unit1/AtapiDMA        0 times
00:00:15.155356 /Devices/IDE0/ATA0/Unit1/AtapiPIO        0 times
00:00:15.155359 /Devices/IDE0/ATA0/Unit1/DMA            0 times
00:00:15.155361 /Devices/IDE0/ATA0/Unit1/PIO            0 times
00:00:15.155364 /Devices/IDE0/ATA0/Unit1/ReadBytes        0 bytes
00:00:15.155366 /Devices/IDE0/ATA0/Unit1/WrittenBytes        0 bytes
00:00:15.155369 /Devices/IDE0/ATA1/Unit0/AtapiDMA        0 times
00:00:15.155372 /Devices/IDE0/ATA1/Unit0/AtapiPIO        0 times
00:00:15.155374 /Devices/IDE0/ATA1/Unit0/DMA            0 times
00:00:15.155377 /Devices/IDE0/ATA1/Unit0/PIO            0 times
00:00:15.155379 /Devices/IDE0/ATA1/Unit0/ReadBytes        0 bytes
00:00:15.155382 /Devices/IDE0/ATA1/Unit0/WrittenBytes        0 bytes
00:00:15.155384 /Devices/IDE0/ATA1/Unit1/AtapiDMA        0 times
00:00:15.155387 /Devices/IDE0/ATA1/Unit1/AtapiPIO        0 times
00:00:15.155389 /Devices/IDE0/ATA1/Unit1/DMA            0 times
00:00:15.155393 /Devices/IDE0/ATA1/Unit1/PIO            0 times
00:00:15.155396 /Devices/IDE0/ATA1/Unit1/ReadBytes        0 bytes
00:00:15.155399 /Devices/IDE0/ATA1/Unit1/WrittenBytes        0 bytes
00:00:15.155401 /Devices/PIIX3IDE0/Port2/QueryBufAttempts        0 count
00:00:15.155404 /Devices/PIIX3IDE0/Port2/QueryBufSuccess        0 count
00:00:15.155408 /Devices/VMMDev/BalloonChunks           0 count
00:00:15.155410 /FT/Checkpoint/Network                  0 times
00:00:15.155413 /FT/Checkpoint/Storage                  0 times
00:00:15.155416 /FT/Received/Mem                        0 bytes
00:00:15.155418 /FT/Received/State                      0 bytes
00:00:15.155421 /FT/Sent/Mem                            0 bytes
00:00:15.155424 /FT/Sent/State                          0 bytes
00:00:15.155426 /FT/Sync/DeltaMem                       0 times
00:00:15.155429 /FT/Sync/DeltaVM                        0 times
00:00:15.155432 /FT/Sync/Full                           0 times
00:00:15.155435 /GMM/VM/Allocated/cBasePages          545 pages
00:00:15.155438 /GMM/VM/Allocated/cFixedPages           0 pages
00:00:15.155441 /GMM/VM/Allocated/cShadowPages          0 pages
00:00:15.155444 /GMM/VM/Reserved/cBasePages          1182 pages
00:00:15.155447 /GMM/VM/Reserved/cFixedPages         3332 pages
00:00:15.155449 /GMM/VM/Reserved/cShadowPages           1 pages
00:00:15.155452 /GMM/VM/cBalloonedPages                 0 pages
00:00:15.155455 /GMM/VM/cMaxBalloonedPages              0 pages
00:00:15.155457 /GMM/VM/cPrivatePages                 545 pages
00:00:15.155460 /GMM/VM/cReqActuallyBalloonedPages        0 pages
00:00:15.155463 /GMM/VM/cReqBalloonedPages              0 pages
00:00:15.155465 /GMM/VM/cReqDeflatePages                0 pages
00:00:15.155468 /GMM/VM/cShareableModules               0 count
00:00:15.155471 /GMM/VM/cSharedPages                    0 pages
00:00:15.155473 /GMM/VM/enmPolicy                       1 
00:00:15.155476 /GMM/VM/enmPriority                     2 
00:00:15.155479 /GMM/VM/fBallooningEnabled       false    
00:00:15.155482 /GMM/VM/fMayAllocate             true     
00:00:15.155485 /GMM/VM/fSharedPagingEnabled     false    
00:00:15.155487 /GMM/cAllocatedPages                  545 pages
00:00:15.155490 /GMM/cBalloonedPages                    0 pages
00:00:15.155493 /GMM/cChunks                            2 count
00:00:15.155495 /GMM/cDuplicatePages                    0 pages
00:00:15.155498 /GMM/cFreedChunks                       0 count
00:00:15.155501 /GMM/cLeftBehindSharedPages             0 pages
00:00:15.155504 /GMM/cMaxPages                   4294967295 pages
00:00:15.155507 /GMM/cOverCommittedPages                0 pages
00:00:15.155509 /GMM/cReservedPages                  4515 pages
00:00:15.155512 /GMM/cShareableModules                  0 count
00:00:15.155515 /GMM/cSharedPages                       0 pages
00:00:15.155517 /GVMM/EMTs                              1 calls
00:00:15.155520 /GVMM/HostCPUs                          4 calls
00:00:15.155523 /GVMM/HostCpus/0                        0 
00:00:15.155526 /GVMM/HostCpus/0/CurTimerHz             0 Hz
00:00:15.155528 /GVMM/HostCpus/0/DesiredHz              0 Hz
00:00:15.155531 /GVMM/HostCpus/0/PPTChanges             0 times
00:00:15.155533 /GVMM/HostCpus/0/PPTStarts              0 times
00:00:15.155536 /GVMM/HostCpus/0/idxCpuSet              0 
00:00:15.155539 /GVMM/HostCpus/1                        1 
00:00:15.155542 /GVMM/HostCpus/1/CurTimerHz             0 Hz
00:00:15.155544 /GVMM/HostCpus/1/DesiredHz              0 Hz
00:00:15.155547 /GVMM/HostCpus/1/PPTChanges             0 times
00:00:15.155550 /GVMM/HostCpus/1/PPTStarts              0 times
00:00:15.155552 /GVMM/HostCpus/1/idxCpuSet              1 
00:00:15.155555 /GVMM/HostCpus/2                        2 
00:00:15.155557 /GVMM/HostCpus/2/CurTimerHz             0 Hz
00:00:15.155560 /GVMM/HostCpus/2/DesiredHz              0 Hz
00:00:15.155562 /GVMM/HostCpus/2/PPTChanges             0 times
00:00:15.155565 /GVMM/HostCpus/2/PPTStarts              0 times
00:00:15.155569 /GVMM/HostCpus/2/idxCpuSet              2 
00:00:15.155572 /GVMM/HostCpus/3                        3 
00:00:15.155575 /GVMM/HostCpus/3/CurTimerHz             0 Hz
00:00:15.155578 /GVMM/HostCpus/3/DesiredHz              0 Hz
00:00:15.155580 /GVMM/HostCpus/3/PPTChanges             0 times
00:00:15.155583 /GVMM/HostCpus/3/PPTStarts              0 times
00:00:15.155585 /GVMM/HostCpus/3/idxCpuSet              3 
00:00:15.155588 /GVMM/Sum/HaltBlocking                418 calls
00:00:15.155591 /GVMM/Sum/HaltCalls                   839 calls
00:00:15.155594 /GVMM/Sum/HaltNotBlocking             421 calls
00:00:15.155596 /GVMM/Sum/HaltTimeouts                160 calls
00:00:15.155599 /GVMM/Sum/HaltWakeUps                   0 calls
00:00:15.155602 /GVMM/Sum/PokeCalls                   388 calls
00:00:15.155605 /GVMM/Sum/PokeNotBusy                   1 calls
00:00:15.155607 /GVMM/Sum/PollCalls                     0 calls
00:00:15.155610 /GVMM/Sum/PollHalts                     0 calls
00:00:15.155612 /GVMM/Sum/PollWakeUps                   0 calls
00:00:15.155615 /GVMM/Sum/WakeUpCalls                 263 calls
00:00:15.155618 /GVMM/Sum/WakeUpNotHalted             156 calls
00:00:15.155620 /GVMM/Sum/WakeUpWakeUps                 0 calls
00:00:15.155623 /GVMM/VM/HaltBlocking                 418 calls
00:00:15.155626 /GVMM/VM/HaltCalls                    839 calls
00:00:15.155628 /GVMM/VM/HaltNotBlocking              421 calls
00:00:15.155631 /GVMM/VM/HaltTimeouts                 160 calls
00:00:15.155634 /GVMM/VM/HaltWakeUps                    0 calls
00:00:15.155636 /GVMM/VM/PokeCalls                    388 calls
00:00:15.155639 /GVMM/VM/PokeNotBusy                    1 calls
00:00:15.155642 /GVMM/VM/PollCalls                      0 calls
00:00:15.155644 /GVMM/VM/PollHalts                      0 calls
00:00:15.155647 /GVMM/VM/PollWakeUps                    0 calls
00:00:15.155650 /GVMM/VM/WakeUpCalls                  263 calls
00:00:15.155652 /GVMM/VM/WakeUpNotHalted              156 calls
00:00:15.155655 /GVMM/VM/WakeUpWakeUps                  0 calls
00:00:15.155657 /GVMM/VMs                               1 calls
00:00:15.155660 /HM/CPU0/Exit/HostNmiInGC               0 times
00:00:15.155663 /HM/CPU0/Switch/Preempting              0 times
00:00:15.155666 /IEM/CPU0/CodeTlb-Misses                0 count
00:00:15.155668 /IEM/CPU0/CodeTlb-PhysRev        ffffffffffff9c00 
00:00:15.155671 /IEM/CPU0/CodeTlb-Revision       fffff38000000000 
00:00:15.155674 /IEM/CPU0/CodeTlb-SlowReads             0 
00:00:15.155677 /IEM/CPU0/DataTlb-Misses                0 count
00:00:15.155679 /IEM/CPU0/DataTlb-PhysRev        ffffffffffff9c00 
00:00:15.155682 /IEM/CPU0/DataTlb-Revision       fffff38000000000 
00:00:15.155685 /IEM/CPU0/cInstructions               768 count
00:00:15.155688 /IEM/CPU0/cLongJumps                    0 bytes
00:00:15.155691 /IEM/CPU0/cPendingCommit                0 bytes
00:00:15.155693 /IEM/CPU0/cPotentialExits           41214 count
00:00:15.155696 /IEM/CPU0/cRetAspectNotImplemented        0 count
00:00:15.155699 /IEM/CPU0/cRetErrStatuses               0 count
00:00:15.155701 /IEM/CPU0/cRetInfStatuses               0 count
00:00:15.155704 /IEM/CPU0/cRetInstrNotImplemented        0 count
00:00:15.155706 /IEM/CPU0/cbWritten                 73943 bytes
00:00:15.155709 /MM/HyperHeap/cbFree               829504 bytes
00:00:15.155712 /MM/HyperHeap/cbHeap              1048256 bytes
00:00:15.155715 /PDM/BlkCache/cbCached                  0 bytes
00:00:15.155718 /PDM/BlkCache/cbCachedFru               0 bytes
00:00:15.155720 /PDM/BlkCache/cbCachedMruIn             0 bytes
00:00:15.155723 /PDM/BlkCache/cbCachedMruOut            0 bytes
00:00:15.155726 /PDM/BlkCache/cbMax               5242880 bytes
00:00:15.155729 /PDM/CritSects/8237A#0Auto/ContentionR3        0 times
00:00:15.155732 /PDM/CritSects/8237A#0Auto/ContentionRZLock        0 times
00:00:15.155734 /PDM/CritSects/8237A#0Auto/ContentionRZUnlock        0 times
00:00:15.155737 /PDM/CritSects/AC'97/ContentionR3        0 times
00:00:15.155741 /PDM/CritSects/AC'97/ContentionRZLock        0 times
00:00:15.155744 /PDM/CritSects/AC'97/ContentionRZUnlock        0 times
00:00:15.155747 /PDM/CritSects/ATA#0-Ctl/ContentionR3        0 times
00:00:15.155750 /PDM/CritSects/ATA#0-Ctl/ContentionRZLock        0 times
00:00:15.155752 /PDM/CritSects/ATA#0-Ctl/ContentionRZUnlock        0 times
00:00:15.155755 /PDM/CritSects/ATA#0-Req/ContentionR3        0 times
00:00:15.155758 /PDM/CritSects/ATA#0-Req/ContentionRZLock        0 times
00:00:15.155760 /PDM/CritSects/ATA#0-Req/ContentionRZUnlock        0 times
00:00:15.155763 /PDM/CritSects/ATA#1-Ctl/ContentionR3        0 times
00:00:15.155765 /PDM/CritSects/ATA#1-Ctl/ContentionRZLock        1 times
00:00:15.155768 /PDM/CritSects/ATA#1-Ctl/ContentionRZUnlock        0 times
00:00:15.155771 /PDM/CritSects/ATA#1-Req/ContentionR3        0 times
00:00:15.155773 /PDM/CritSects/ATA#1-Req/ContentionRZLock        0 times
00:00:15.155776 /PDM/CritSects/ATA#1-Req/ContentionRZUnlock        0 times
00:00:15.155778 /PDM/CritSects/E1000#0/ContentionR3        0 times
00:00:15.155781 /PDM/CritSects/E1000#0/ContentionRZLock        0 times
00:00:15.155784 /PDM/CritSects/E1000#0/ContentionRZUnlock        0 times
00:00:15.155786 /PDM/CritSects/E1000#0RX/ContentionR3        0 times
00:00:15.155789 /PDM/CritSects/E1000#0RX/ContentionRZLock        0 times
00:00:15.155791 /PDM/CritSects/E1000#0RX/ContentionRZUnlock        0 times
00:00:15.155794 /PDM/CritSects/E1000#0TX/ContentionR3        0 times
00:00:15.155796 /PDM/CritSects/E1000#0TX/ContentionRZLock        0 times
00:00:15.155799 /PDM/CritSects/E1000#0TX/ContentionRZUnlock        0 times
00:00:15.155801 /PDM/CritSects/EM-REM/ContentionR3        0 times
00:00:15.155804 /PDM/CritSects/EM-REM/ContentionRZLock        0 times
00:00:15.155807 /PDM/CritSects/EM-REM/ContentionRZUnlock        0 times
00:00:15.155809 /PDM/CritSects/FTM/ContentionR3         0 times
00:00:15.155812 /PDM/CritSects/FTM/ContentionRZLock        0 times
00:00:15.155814 /PDM/CritSects/FTM/ContentionRZUnlock        0 times
00:00:15.155817 /PDM/CritSects/MM-HYPER/ContentionR3        0 times
00:00:15.155819 /PDM/CritSects/MM-HYPER/ContentionRZLock        0 times
00:00:15.155822 /PDM/CritSects/MM-HYPER/ContentionRZUnlock        0 times
00:00:15.155825 /PDM/CritSects/NOP/ContentionR3         0 times
00:00:15.155827 /PDM/CritSects/NOP/ContentionRZLock        0 times
00:00:15.155830 /PDM/CritSects/NOP/ContentionRZUnlock        0 times
00:00:15.155832 /PDM/CritSects/OHCI#0Irq/ContentionR3        0 times
00:00:15.155835 /PDM/CritSects/OHCI#0Irq/ContentionRZLock        0 times
00:00:15.155838 /PDM/CritSects/OHCI#0Irq/ContentionRZUnlock        0 times
00:00:15.155840 /PDM/CritSects/PDM/ContentionR3         0 times
00:00:15.155843 /PDM/CritSects/PDM/ContentionRZLock        0 times
00:00:15.155845 /PDM/CritSects/PDM/ContentionRZUnlock        0 times
00:00:15.155848 /PDM/CritSects/PGM/ContentionR3         0 times
00:00:15.155850 /PDM/CritSects/PGM/ContentionRZLock        0 times
00:00:15.155853 /PDM/CritSects/PGM/ContentionRZUnlock        0 times
00:00:15.155855 /PDM/CritSects/REM-Register/ContentionR3        0 times
00:00:15.155858 /PDM/CritSects/REM-Register/ContentionRZLock        0 times
00:00:15.155860 /PDM/CritSects/REM-Register/ContentionRZUnlock        0 times
00:00:15.155863 /PDM/CritSects/TM Timer Lock/ContentionR3        0 times
00:00:15.155866 /PDM/CritSects/TM Timer Lock/ContentionRZLock        0 times
00:00:15.155868 /PDM/CritSects/TM Timer Lock/ContentionRZUnlock        0 times
00:00:15.155871 /PDM/CritSects/TM VirtualSync Lock/ContentionR3        0 times
00:00:15.155873 /PDM/CritSects/TM VirtualSync Lock/ContentionRZLock        0 times
00:00:15.155876 /PDM/CritSects/TM VirtualSync Lock/ContentionRZUnlock        0 times
00:00:15.155879 /PDM/CritSects/VGA#0/ContentionR3        0 times
00:00:15.155881 /PDM/CritSects/VGA#0/ContentionRZLock        0 times
00:00:15.155884 /PDM/CritSects/VGA#0/ContentionRZUnlock        0 times
00:00:15.155888 /PDM/CritSects/VGA#0_IRQ/ContentionR3        0 times
00:00:15.155891 /PDM/CritSects/VGA#0_IRQ/ContentionRZLock        0 times
00:00:15.155893 /PDM/CritSects/VGA#0_IRQ/ContentionRZUnlock        0 times
00:00:15.155896 /PDM/CritSects/VMMDev#0/ContentionR3        0 times
00:00:15.155898 /PDM/CritSects/VMMDev#0/ContentionRZLock        0 times
00:00:15.155901 /PDM/CritSects/VMMDev#0/ContentionRZUnlock        0 times
00:00:15.155903 /PDM/CritSects/acpi#0/ContentionR3        0 times
00:00:15.155906 /PDM/CritSects/acpi#0/ContentionRZLock        0 times
00:00:15.155908 /PDM/CritSects/acpi#0/ContentionRZUnlock        0 times
00:00:15.155911 /PDM/CritSects/i82078#0Auto/ContentionR3        0 times
00:00:15.155914 /PDM/CritSects/i82078#0Auto/ContentionRZLock        0 times
00:00:15.155916 /PDM/CritSects/i82078#0Auto/ContentionRZUnlock        0 times
00:00:15.155919 /PDM/CritSects/mc146818#0Auto/ContentionR3        0 times
00:00:15.155921 /PDM/CritSects/mc146818#0Auto/ContentionRZLock        0 times
00:00:15.155924 /PDM/CritSects/mc146818#0Auto/ContentionRZUnlock        0 times
00:00:15.155927 /PDM/CritSects/pcarch#0Auto/ContentionR3        0 times
00:00:15.155930 /PDM/CritSects/pcarch#0Auto/ContentionRZLock        0 times
00:00:15.155932 /PDM/CritSects/pcarch#0Auto/ContentionRZUnlock        0 times
00:00:15.155935 /PDM/CritSects/pcbios#0Auto/ContentionR3        0 times
00:00:15.155938 /PDM/CritSects/pcbios#0Auto/ContentionRZLock        0 times
00:00:15.155941 /PDM/CritSects/pcbios#0Auto/ContentionRZUnlock        0 times
00:00:15.155943 /PDM/CritSects/pckbd#0Auto/ContentionR3        0 times
00:00:15.155946 /PDM/CritSects/pckbd#0Auto/ContentionRZLock        0 times
00:00:15.155949 /PDM/CritSects/pckbd#0Auto/ContentionRZUnlock        0 times
00:00:15.155952 /PDM/CritSects/pit#0/ContentionR3        0 times
00:00:15.155954 /PDM/CritSects/pit#0/ContentionRZLock        0 times
00:00:15.155957 /PDM/CritSects/pit#0/ContentionRZUnlock        0 times
00:00:15.155960 /PDM/CritSects/usb-ohci#0Auto/ContentionR3        0 times
00:00:15.155962 /PDM/CritSects/usb-ohci#0Auto/ContentionRZLock        0 times
00:00:15.155965 /PDM/CritSects/usb-ohci#0Auto/ContentionRZUnlock        0 times
00:00:15.155967 /PDM/CritSectsRw/IOM Lock/ContentionR3EnterExcl        0 times
00:00:15.155970 /PDM/CritSectsRw/IOM Lock/ContentionR3EnterShared        0 times
00:00:15.155972 /PDM/CritSectsRw/IOM Lock/ContentionRZEnterExcl        0 times
00:00:15.155975 /PDM/CritSectsRw/IOM Lock/ContentionRZEnterShared        0 times
00:00:15.155977 /PDM/CritSectsRw/IOM Lock/ContentionRZLeaveExcl        0 times
00:00:15.155980 /PDM/CritSectsRw/IOM Lock/ContentionRZLeaveShared        0 times
00:00:15.155982 /PDM/CritSectsRw/IOM Lock/R3EnterExcl      204 times
00:00:15.155985 /PDM/CritSectsRw/IOM Lock/R3EnterShared     1891 times
00:00:15.155988 /PDM/CritSectsRw/IOM Lock/RZEnterExcl        0 times
00:00:15.155990 /PDM/CritSectsRw/IOM Lock/RZEnterShared    47523 times
00:00:15.155993 /PDM/Queue/DevHlp/AllocFailures         0 times
00:00:15.155996 /PDM/Queue/DevHlp/Flush                 0 calls
00:00:15.155999 /PDM/Queue/DevHlp/FlushLeftovers        0 times
00:00:15.156001 /PDM/Queue/DevHlp/Insert                0 calls
00:00:15.156004 /PDM/Queue/DevHlp/cItems                8 count
00:00:15.156007 /PDM/Queue/DevHlp/cbItem               64 bytes
00:00:15.156009 /PDM/Queue/E1000-Rcv/AllocFailures        0 times
00:00:15.156012 /PDM/Queue/E1000-Rcv/Flush              0 calls
00:00:15.156014 /PDM/Queue/E1000-Rcv/FlushLeftovers        0 times
00:00:15.156017 /PDM/Queue/E1000-Rcv/Insert             0 calls
00:00:15.156020 /PDM/Queue/E1000-Rcv/cItems             1 count
00:00:15.156022 /PDM/Queue/E1000-Rcv/cbItem            24 bytes
00:00:15.156025 /PDM/Queue/E1000-Xmit/AllocFailures        0 times
00:00:15.156027 /PDM/Queue/E1000-Xmit/Flush             0 calls
00:00:15.156030 /PDM/Queue/E1000-Xmit/FlushLeftovers        0 times
00:00:15.156032 /PDM/Queue/E1000-Xmit/Insert            0 calls
00:00:15.156035 /PDM/Queue/E1000-Xmit/cItems            1 count
00:00:15.156039 /PDM/Queue/E1000-Xmit/cbItem           24 bytes
00:00:15.156042 /PDM/Queue/Keyboard/AllocFailures        0 times
00:00:15.156045 /PDM/Queue/Keyboard/Flush               0 calls
00:00:15.156047 /PDM/Queue/Keyboard/FlushLeftovers        0 times
00:00:15.156050 /PDM/Queue/Keyboard/Insert              0 calls
00:00:15.156053 /PDM/Queue/Keyboard/cItems             64 count
00:00:15.156055 /PDM/Queue/Keyboard/cbItem             32 bytes
00:00:15.156058 /PDM/Queue/Mouse/AllocFailures          0 times
00:00:15.156060 /PDM/Queue/Mouse/Flush                  0 calls
00:00:15.156063 /PDM/Queue/Mouse/FlushLeftovers         0 times
00:00:15.156065 /PDM/Queue/Mouse/Insert                 0 calls
00:00:15.156068 /PDM/Queue/Mouse/cItems               128 count
00:00:15.156070 /PDM/Queue/Mouse/cbItem                48 bytes
00:00:15.156073 /PGM/CPU0/cA20Changes                   1 times
00:00:15.156076 /PGM/CPU0/cGuestModeChanges             4 times
00:00:15.156078 /PGM/ChunkR3Map/Mapped                  2 count
00:00:15.156081 /PGM/ChunkR3Map/Unmapped                0 count
00:00:15.156084 /PGM/ChunkR3Map/c                       2 count
00:00:15.156087 /PGM/ChunkR3Map/cMax             4294967295 count
00:00:15.156090 /PGM/LargePage/Recheck                  0 times
00:00:15.156093 /PGM/LargePage/Refused                  1 times
00:00:15.156096 /PGM/LargePage/Reused                   0 times
00:00:15.156099 /PGM/Page/cAllPages                  4421 count
00:00:15.156102 /PGM/Page/cBalloonedPages               0 count
00:00:15.156105 /PGM/Page/cHandyPages                  55 count
00:00:15.156108 /PGM/Page/cLargePages                   0 count
00:00:15.156110 /PGM/Page/cLargePagesDisabled           0 count
00:00:15.156113 /PGM/Page/cMonitoredPages               0 count
00:00:15.156116 /PGM/Page/cPrivatePages              3822 count
00:00:15.156119 /PGM/Page/cPureMmioPages               35 count
00:00:15.156122 /PGM/Page/cReadLockedPages              0 count
00:00:15.156125 /PGM/Page/cReusedSharedPages            0 count
00:00:15.156127 /PGM/Page/cSharedPages                  0 count
00:00:15.156130 /PGM/Page/cWriteLockedPages             0 count
00:00:15.156132 /PGM/Page/cWrittenToPages               0 count
00:00:15.156135 /PGM/Page/cZeroPages                  564 count
00:00:15.156138 /PGM/ShMod/Check                        0 ticks/call (           0 ticks,       0 times, max         0, min      -1)
00:00:15.156142 /PGM/cRelocations                       0 times
00:00:15.156144 /PROF/CPU0/EM/Capped                    0 ticks/call (           0 ticks,       0 times, max         0, min      -1)
00:00:15.156148 /PROF/CPU0/EM/ForcedActions           846 times
00:00:15.156150 /PROF/CPU0/EM/Halted                  162 times
00:00:15.156153 /PROF/CPU0/EM/RAWTotal                  0 times
00:00:15.156156 /PROF/CPU0/EM/REMTotal                  0 times
00:00:15.156159 /PROF/CPU0/EM/Total              34609816490 ticks/call ( 34609816490 ticks,       1 times, max 34609816490, min 34609816490)
00:00:15.156164 /PROF/CPU0/VM/Halt/Block          2928432 ns/call (  2439384674 ticks,     833 times, max  16031648, min     881)
00:00:15.156169 /PROF/CPU0/VM/Halt/BlockInsomnia        0 ns/call (           0 ticks,       0 times, max         0, min      -1)
00:00:15.156172 /PROF/CPU0/VM/Halt/BlockOnTime          0 ns/call (           0 ticks,       0 times, max         0, min      -1)
00:00:15.156175 /PROF/CPU0/VM/Halt/BlockOverslept        0 ns/call (           0 ticks,       0 times, max         0, min      -1)
00:00:15.156178 /PROF/CPU0/VM/Halt/Timers            3085 ns/call (     6006840 ticks,    1947 times, max    930885, min     280)
00:00:15.156182 /PROF/CPU0/VM/Halt/Yield                0 ns/call (           0 ticks,       0 times, max         0, min      -1)
00:00:15.156186 /Public/Net/E1k0/BytesReceived          0 bytes
00:00:15.156188 /Public/Net/E1k0/BytesTransmitted        0 bytes
00:00:15.156191 /REM/TbFlushCount                       0 times
00:00:15.156196 /REM/TbPhysInvldCount                   0 times
00:00:15.156200 /REM/TlbFlushCount                      1 times
00:00:15.156203 /SELM/LoadHidSel/GstReadErrors          0 times
00:00:15.156206 /SELM/LoadHidSel/NoGoodGuest            0 times
00:00:15.156209 /TM/CPU/00/cNsExecuting          8836310992 ns
00:00:15.156212 /TM/CPU/00/cNsHalted             2445904870 ns
00:00:15.156215 /TM/CPU/00/cNsOther              281094455 ns
00:00:15.156218 /TM/CPU/00/cNsTotal              11563310317 ns
00:00:15.156221 /TM/CPU/00/cPeriodsExecuting        17402 count
00:00:15.156224 /TM/CPU/00/cPeriodsHalted             162 count
00:00:15.156227 /TM/CPU/00/pctExecuting                99 %
00:00:15.156230 /TM/CPU/00/pctHalted                    0 %
00:00:15.156232 /TM/CPU/00/pctOther                     0 %
00:00:15.156235 /TM/CPU/pctExecuting                   99 %
00:00:15.156238 /TM/CPU/pctHalted                       0 %
00:00:15.156241 /TM/CPU/pctOther                        0 %
00:00:15.156244 /TM/MaxHzHint                           0 Hz
00:00:15.156248 /TM/TSC/offCPU0                         0 ticks
00:00:15.156251 /TM/VirtualSync/CurrentOffset      506457 ns
00:00:15.156254 /VUSB/0/cUrbsInPool                     0 count
00:00:15.156258 ********************* End of statistics **********************
00:00:15.158388 NAT: Zone(nm:mbuf_cluster, used:0)
00:00:15.159088 NAT: Zone(nm:mbuf_packet, used:0)
00:00:15.159099 NAT: Zone(nm:mbuf, used:0)
00:00:15.159139 GUI: UIMachineView::sltHandleNotifyChange: Screen=0, Size=720x400
00:00:15.159198 NAT: Zone(nm:mbuf_jumbo_pagesize, used:0)
00:00:15.159885 NAT: Zone(nm:mbuf_jumbo_9k, used:0)
00:00:15.160244 NAT: Zone(nm:mbuf_jumbo_16k, used:0)
00:00:15.160471 NAT: Zone(nm:mbuf_ext_refcnt, used:0)
00:00:15.160538 E1000#0 Interrupt attempts: 0
00:00:15.160542 E1000#0 Interrupts raised : 0
00:00:15.160544 E1000#0 Interrupts lowered: 0
00:00:15.160547 E1000#0 ICR outside ISR   : 0
00:00:15.160550 E1000#0 IMS raised ints   : 0
00:00:15.160552 E1000#0 Interrupts skipped: 0
00:00:15.160554 E1000#0 Masked interrupts : 0
00:00:15.160557 E1000#0 Early interrupts  : 0
00:00:15.160559 E1000#0 Late interrupts   : 0
00:00:15.160562 E1000#0 Lost interrupts   : 0
00:00:15.160564 E1000#0 Interrupts by RX  : 0
00:00:15.160566 E1000#0 Interrupts by TX  : 0
00:00:15.160568 E1000#0 Interrupts by ICS : 0
00:00:15.160571 E1000#0 Interrupts by RDTR: 0
00:00:15.160573 E1000#0 Interrupts by RDMT: 0
00:00:15.160576 E1000#0 Interrupts by TXQE: 0
00:00:15.160578 E1000#0 TX int delay asked: 0
00:00:15.160580 E1000#0 TX delayed:         0
00:00:15.160583 E1000#0 TX delay expired:   0
00:00:15.160585 E1000#0 TX no report asked: 0
00:00:15.160587 E1000#0 TX abs timer expd : 0
00:00:15.160589 E1000#0 TX int timer expd : 0
00:00:15.160592 E1000#0 RX abs timer expd : 0
00:00:15.160594 E1000#0 RX int timer expd : 0
00:00:15.160596 E1000#0 TX CTX descriptors: 0
00:00:15.160599 E1000#0 TX DAT descriptors: 0
00:00:15.160601 E1000#0 TX LEG descriptors: 0
00:00:15.160604 E1000#0 Received frames   : 0
00:00:15.160606 E1000#0 Transmitted frames: 0
00:00:15.160608 E1000#0 TX frames up to 1514: 0
00:00:15.160611 E1000#0 TX frames up to 2962: 0
00:00:15.160613 E1000#0 TX frames up to 4410: 0
00:00:15.160615 E1000#0 TX frames up to 5858: 0
00:00:15.160618 E1000#0 TX frames up to 7306: 0
00:00:15.160620 E1000#0 TX frames up to 8754: 0
00:00:15.160622 E1000#0 TX frames up to 16384: 0
00:00:15.160625 E1000#0 TX frames up to 32768: 0
00:00:15.160627 E1000#0 Larger TX frames    : 0
00:00:15.160629 E1000#0 Max TX Delay        : 0
00:00:15.161835 Changing the VM state from 'DESTROYING' to 'TERMINATED'
00:00:15.163021 Console: Machine state changed to 'PoweredOff'
00:00:15.696462 GUI: Passing request to close Runtime UI from machine-logic to UI session.
